local/nnet3/run_tdnn_blstm.sh: creating neural net configs using the xconfig parser
tree-info /home/rezki/sandbox/kaldi/egs/chime4DevFE1_allChannels3/s5_6ch/exp/tri3b_tr05_multi_noisy_ali/tree 
nnet3-init /home/rezki/sandbox/kaldi/egs/chime4DevFE1_allChannels3/s5_6ch/exp/chain/tdnn31a_sp_blstm_v3_5layers/configs//init.config /home/rezki/sandbox/kaldi/egs/chime4DevFE1_allChannels3/s5_6ch/exp/chain/tdnn31a_sp_blstm_v3_5layers/configs//init.raw 
LOG (nnet3-init[5.1.0-]:main():nnet3-init.cc:80) Initialized raw neural net and wrote it to /home/rezki/sandbox/kaldi/egs/chime4DevFE1_allChannels3/s5_6ch/exp/chain/tdnn31a_sp_blstm_v3_5layers/configs//init.raw
nnet3-info /home/rezki/sandbox/kaldi/egs/chime4DevFE1_allChannels3/s5_6ch/exp/chain/tdnn31a_sp_blstm_v3_5layers/configs//init.raw 
nnet3-init /home/rezki/sandbox/kaldi/egs/chime4DevFE1_allChannels3/s5_6ch/exp/chain/tdnn31a_sp_blstm_v3_5layers/configs//ref.config /home/rezki/sandbox/kaldi/egs/chime4DevFE1_allChannels3/s5_6ch/exp/chain/tdnn31a_sp_blstm_v3_5layers/configs//ref.raw 
LOG (nnet3-init[5.1.0-]:main():nnet3-init.cc:80) Initialized raw neural net and wrote it to /home/rezki/sandbox/kaldi/egs/chime4DevFE1_allChannels3/s5_6ch/exp/chain/tdnn31a_sp_blstm_v3_5layers/configs//ref.raw
nnet3-info /home/rezki/sandbox/kaldi/egs/chime4DevFE1_allChannels3/s5_6ch/exp/chain/tdnn31a_sp_blstm_v3_5layers/configs//ref.raw 
nnet3-init /home/rezki/sandbox/kaldi/egs/chime4DevFE1_allChannels3/s5_6ch/exp/chain/tdnn31a_sp_blstm_v3_5layers/configs//ref.config /home/rezki/sandbox/kaldi/egs/chime4DevFE1_allChannels3/s5_6ch/exp/chain/tdnn31a_sp_blstm_v3_5layers/configs//ref.raw 
LOG (nnet3-init[5.1.0-]:main():nnet3-init.cc:80) Initialized raw neural net and wrote it to /home/rezki/sandbox/kaldi/egs/chime4DevFE1_allChannels3/s5_6ch/exp/chain/tdnn31a_sp_blstm_v3_5layers/configs//ref.raw
nnet3-info /home/rezki/sandbox/kaldi/egs/chime4DevFE1_allChannels3/s5_6ch/exp/chain/tdnn31a_sp_blstm_v3_5layers/configs//ref.raw 
steps/nnet3/xconfig_to_configs.py --xconfig-file /home/rezki/sandbox/kaldi/egs/chime4DevFE1_allChannels3/s5_6ch/exp/chain/tdnn31a_sp_blstm_v3_5layers/configs/network.xconfig --config-dir /home/rezki/sandbox/kaldi/egs/chime4DevFE1_allChannels3/s5_6ch/exp/chain/tdnn31a_sp_blstm_v3_5layers/configs/
2017-05-31 14:59:02,754 [steps/nnet3/train_rnn.py:33 - <module> - INFO ] Starting RNN trainer (train_rnn.py)
2017-05-31 14:59:02,758 [steps/nnet3/train_rnn.py:218 - train - INFO ] Arguments for the experiment
{'ali_dir': '/home/rezki/sandbox/kaldi/egs/chime4DevFE1_allChannels3/s5_6ch/exp/tri3b_tr05_multi_noisy_ali',
 'chunk_left_context': 40,
 'chunk_left_context_initial': 0,
 'chunk_right_context': 0,
 'chunk_right_context_final': 0,
 'chunk_width': '40,30,20',
 'cleanup': True,
 'cmvn_opts': '--norm-means=false --norm-vars=false',
 'combine_sum_to_one_penalty': 0.0,
 'command': 'run.pl',
 'deriv_truncate_margin': 10,
 'dir': '/home/rezki/sandbox/kaldi/egs/chime4DevFE1_allChannels3/s5_6ch/exp/chain/tdnn31a_sp_blstm_v3_5layers',
 'dropout_schedule': None,
 'egs_command': 'queue.pl',
 'egs_dir': None,
 'egs_opts': None,
 'egs_stage': 0,
 'email': None,
 'exit_stage': None,
 'feat_dir': '/home/rezki/sandbox/kaldi/egs/chime4DevFE1_allChannels3/s5_6ch/data-fmllr-tri3b/tr05_multi_noisy',
 'final_effective_lrate': 3e-05,
 'initial_effective_lrate': 0.0003,
 'lang': '',
 'max_lda_jobs': 10,
 'max_models_combine': 20,
 'max_param_change': 2.0,
 'momentum': 0.5,
 'num_chunk_per_minibatch': '64,32',
 'num_epochs': 5.0,
 'num_jobs_compute_prior': 5,
 'num_jobs_final': 1,
 'num_jobs_initial': 1,
 'online_ivector_dir': '/home/rezki/sandbox/kaldi/egs/chime4DevFE1_allChannels3/s5_6ch/exp/nnet3/ivectors_tr05_multi_noisy_fmllr',
 'preserve_model_interval': 100,
 'presoftmax_prior_scale_power': -0.25,
 'prior_subset_size': 20000,
 'rand_prune': 4.0,
 'remove_egs': True,
 'reporting_interval': 0.1,
 'samples_per_iter': 20000,
 'shrink_saturation_threshold': 0.4,
 'shrink_value': 0.99,
 'shuffle_buffer_size': 5000,
 'srand': 0,
 'stage': -10,
 'transform_dir': '/home/rezki/sandbox/kaldi/egs/chime4DevFE1_allChannels3/s5_6ch/exp/tri3b_tr05_multi_noisy_ali',
 'use_gpu': True}
2017-05-31 14:59:03,107 [steps/nnet3/train_rnn.py:261 - train - INFO ] Initializing a basic network for estimating preconditioning matrix
2017-05-31 14:59:03,141 [steps/nnet3/train_rnn.py:271 - train - INFO ] Generating egs
steps/nnet3/get_egs.sh --cmd run.pl --cmvn-opts --norm-means=false --norm-vars=false --feat-type raw --transform-dir /home/rezki/sandbox/kaldi/egs/chime4DevFE1_allChannels3/s5_6ch/exp/tri3b_tr05_multi_noisy_ali --online-ivector-dir /home/rezki/sandbox/kaldi/egs/chime4DevFE1_allChannels3/s5_6ch/exp/nnet3/ivectors_tr05_multi_noisy_fmllr --left-context 40 --right-context 9 --left-context-initial 0 --right-context-final 9 --stage 0 --samples-per-iter 20000 --frames-per-eg 40,30,20 --srand 0 /home/rezki/sandbox/kaldi/egs/chime4DevFE1_allChannels3/s5_6ch/data-fmllr-tri3b/tr05_multi_noisy /home/rezki/sandbox/kaldi/egs/chime4DevFE1_allChannels3/s5_6ch/exp/tri3b_tr05_multi_noisy_ali /home/rezki/sandbox/kaldi/egs/chime4DevFE1_allChannels3/s5_6ch/exp/chain/tdnn31a_sp_blstm_v3_5layers/egs
steps/nnet3/get_egs.sh: feature type is raw
feat-to-dim scp:/home/rezki/sandbox/kaldi/egs/chime4DevFE1_allChannels3/s5_6ch/exp/nnet3/ivectors_tr05_multi_noisy_fmllr/ivector_online.scp - 
steps/nnet3/get_egs.sh: working out number of frames of training data
feat-to-len 'scp:head -n 10 /home/rezki/sandbox/kaldi/egs/chime4DevFE1_allChannels3/s5_6ch/data-fmllr-tri3b/tr05_multi_noisy/feats.scp|' ark,t:- 
steps/nnet3/get_egs.sh: working out feature dim
steps/nnet3/get_egs.sh: creating 49 archives, each with 19901 egs, with
steps/nnet3/get_egs.sh:   40,30,20 labels per example, and (left,right) context = (40,9)
steps/nnet3/get_egs.sh:   ... and (left-context-initial,right-context-final) = (0,9)
steps/nnet3/get_egs.sh: copying data alignments
copy-int-vector ark:- ark,scp:/home/rezki/sandbox/kaldi/egs/chime4DevFE1_allChannels3/s5_6ch/exp/chain/tdnn31a_sp_blstm_v3_5layers/egs/ali.ark,/home/rezki/sandbox/kaldi/egs/chime4DevFE1_allChannels3/s5_6ch/exp/chain/tdnn31a_sp_blstm_v3_5layers/egs/ali.scp 
LOG (copy-int-vector[5.1.0-]:main():copy-int-vector.cc:83) Copied 52153 vectors of int32.
steps/nnet3/get_egs.sh: Getting validation and training subset examples.
steps/nnet3/get_egs.sh: ... extracting validation and training-subset alignments.
... Getting subsets of validation examples for diagnostics and combination.
steps/nnet3/get_egs.sh: Generating training examples on disk
steps/nnet3/get_egs.sh: recombining and shuffling order of archives on disk
steps/nnet3/get_egs.sh: removing temporary archives
steps/nnet3/get_egs.sh: removing temporary alignments and transforms
steps/nnet3/get_egs.sh: Finished preparing training examples
2017-05-31 15:06:59,276 [steps/nnet3/train_rnn.py:318 - train - INFO ] Computing the preconditioning matrix for input features
2017-05-31 15:07:21,046 [steps/nnet3/train_rnn.py:329 - train - INFO ] Computing initial vector for FixedScaleComponent before softmax, using priors^-0.25 and rescaling to average 1
2017-05-31 15:07:30,441 [steps/nnet3/train_rnn.py:336 - train - INFO ] Preparing the initial acoustic model.
2017-05-31 15:07:41,710 [steps/nnet3/train_rnn.py:370 - train - INFO ] Training will run for 5.0 epochs = 245 iterations
2017-05-31 15:07:41,711 [steps/libs/nnet3/train/frame_level_objf/common.py:161 - train_one_iteration - INFO ] Training neural net (pass 0)
2017-05-31 15:07:41,713 [steps/libs/nnet3/train/frame_level_objf/common.py:227 - train_one_iteration - INFO ] On iteration 0, learning rate is 0.0003 and shrink value is 0.99.
2017-05-31 15:12:33,556 [steps/libs/nnet3/train/frame_level_objf/common.py:161 - train_one_iteration - INFO ] Training neural net (pass 1)
2017-05-31 15:12:33,559 [steps/libs/nnet3/train/frame_level_objf/common.py:227 - train_one_iteration - INFO ] On iteration 1, learning rate is 0.000297193715865 and shrink value is 0.99.
2017-05-31 15:16:50,904 [steps/libs/nnet3/train/frame_level_objf/common.py:161 - train_one_iteration - INFO ] Training neural net (pass 2)
2017-05-31 15:16:50,908 [steps/libs/nnet3/train/frame_level_objf/common.py:227 - train_one_iteration - INFO ] On iteration 2, learning rate is 0.000294413682498 and shrink value is 0.99.
2017-05-31 15:21:08,997 [steps/libs/nnet3/train/frame_level_objf/common.py:161 - train_one_iteration - INFO ] Training neural net (pass 3)
2017-05-31 15:21:09,035 [steps/libs/nnet3/train/frame_level_objf/common.py:227 - train_one_iteration - INFO ] On iteration 3, learning rate is 0.000291659654344 and shrink value is 0.99.
2017-05-31 15:25:27,009 [steps/libs/nnet3/train/frame_level_objf/common.py:161 - train_one_iteration - INFO ] Training neural net (pass 4)
2017-05-31 15:25:27,013 [steps/libs/nnet3/train/frame_level_objf/common.py:227 - train_one_iteration - INFO ] On iteration 4, learning rate is 0.000288931388141 and shrink value is 0.99.
2017-05-31 15:29:46,160 [steps/libs/nnet3/train/frame_level_objf/common.py:161 - train_one_iteration - INFO ] Training neural net (pass 5)
2017-05-31 15:29:46,165 [steps/libs/nnet3/train/frame_level_objf/common.py:227 - train_one_iteration - INFO ] On iteration 5, learning rate is 0.000286228642905 and shrink value is 0.99.
2017-05-31 15:34:01,393 [steps/libs/nnet3/train/frame_level_objf/common.py:161 - train_one_iteration - INFO ] Training neural net (pass 6)
2017-05-31 15:34:01,397 [steps/libs/nnet3/train/frame_level_objf/common.py:227 - train_one_iteration - INFO ] On iteration 6, learning rate is 0.000283551179906 and shrink value is 0.99.
2017-05-31 15:38:17,611 [steps/libs/nnet3/train/frame_level_objf/common.py:161 - train_one_iteration - INFO ] Training neural net (pass 7)
2017-05-31 15:38:17,615 [steps/libs/nnet3/train/frame_level_objf/common.py:227 - train_one_iteration - INFO ] On iteration 7, learning rate is 0.000280898762647 and shrink value is 0.99.
2017-05-31 15:42:33,426 [steps/libs/nnet3/train/frame_level_objf/common.py:161 - train_one_iteration - INFO ] Training neural net (pass 8)
2017-05-31 15:42:33,430 [steps/libs/nnet3/train/frame_level_objf/common.py:227 - train_one_iteration - INFO ] On iteration 8, learning rate is 0.000278271156843 and shrink value is 0.99.
2017-05-31 15:46:48,521 [steps/libs/nnet3/train/frame_level_objf/common.py:161 - train_one_iteration - INFO ] Training neural net (pass 9)
2017-05-31 15:46:48,527 [steps/libs/nnet3/train/frame_level_objf/common.py:227 - train_one_iteration - INFO ] On iteration 9, learning rate is 0.000275668130401 and shrink value is 0.99.
2017-05-31 15:51:11,327 [steps/libs/nnet3/train/frame_level_objf/common.py:161 - train_one_iteration - INFO ] Training neural net (pass 10)
2017-05-31 15:51:11,336 [steps/libs/nnet3/train/frame_level_objf/common.py:227 - train_one_iteration - INFO ] On iteration 10, learning rate is 0.000273089453397 and shrink value is 0.99.
2017-05-31 15:55:27,631 [steps/libs/nnet3/train/frame_level_objf/common.py:161 - train_one_iteration - INFO ] Training neural net (pass 11)
2017-05-31 15:55:27,636 [steps/libs/nnet3/train/frame_level_objf/common.py:227 - train_one_iteration - INFO ] On iteration 11, learning rate is 0.000270534898062 and shrink value is 0.99.
2017-05-31 15:59:46,851 [steps/libs/nnet3/train/frame_level_objf/common.py:161 - train_one_iteration - INFO ] Training neural net (pass 12)
2017-05-31 15:59:46,856 [steps/libs/nnet3/train/frame_level_objf/common.py:227 - train_one_iteration - INFO ] On iteration 12, learning rate is 0.000268004238754 and shrink value is 0.99.
2017-05-31 16:04:06,217 [steps/libs/nnet3/train/frame_level_objf/common.py:161 - train_one_iteration - INFO ] Training neural net (pass 13)
2017-05-31 16:04:06,221 [steps/libs/nnet3/train/frame_level_objf/common.py:227 - train_one_iteration - INFO ] On iteration 13, learning rate is 0.000265497251943 and shrink value is 0.99.
2017-05-31 16:08:26,463 [steps/libs/nnet3/train/frame_level_objf/common.py:161 - train_one_iteration - INFO ] Training neural net (pass 14)
2017-05-31 16:08:26,467 [steps/libs/nnet3/train/frame_level_objf/common.py:227 - train_one_iteration - INFO ] On iteration 14, learning rate is 0.000263013716189 and shrink value is 0.99.
2017-05-31 16:12:46,766 [steps/libs/nnet3/train/frame_level_objf/common.py:161 - train_one_iteration - INFO ] Training neural net (pass 15)
2017-05-31 16:12:46,770 [steps/libs/nnet3/train/frame_level_objf/common.py:227 - train_one_iteration - INFO ] On iteration 15, learning rate is 0.000260553412125 and shrink value is 0.99.
2017-05-31 16:17:06,942 [steps/libs/nnet3/train/frame_level_objf/common.py:161 - train_one_iteration - INFO ] Training neural net (pass 16)
2017-05-31 16:17:06,947 [steps/libs/nnet3/train/frame_level_objf/common.py:227 - train_one_iteration - INFO ] On iteration 16, learning rate is 0.000258116122436 and shrink value is 0.99.
2017-05-31 16:21:24,213 [steps/libs/nnet3/train/frame_level_objf/common.py:161 - train_one_iteration - INFO ] Training neural net (pass 17)
2017-05-31 16:21:24,217 [steps/libs/nnet3/train/frame_level_objf/common.py:227 - train_one_iteration - INFO ] On iteration 17, learning rate is 0.000255701631838 and shrink value is 0.99.
2017-05-31 16:25:40,522 [steps/libs/nnet3/train/frame_level_objf/common.py:161 - train_one_iteration - INFO ] Training neural net (pass 18)
2017-05-31 16:25:40,529 [steps/libs/nnet3/train/frame_level_objf/common.py:227 - train_one_iteration - INFO ] On iteration 18, learning rate is 0.000253309727062 and shrink value is 0.99.
2017-05-31 16:29:55,809 [steps/libs/nnet3/train/frame_level_objf/common.py:161 - train_one_iteration - INFO ] Training neural net (pass 19)
2017-05-31 16:29:55,813 [steps/libs/nnet3/train/frame_level_objf/common.py:227 - train_one_iteration - INFO ] On iteration 19, learning rate is 0.000250940196834 and shrink value is 0.99.
2017-05-31 16:34:12,685 [steps/libs/nnet3/train/frame_level_objf/common.py:161 - train_one_iteration - INFO ] Training neural net (pass 20)
2017-05-31 16:34:12,690 [steps/libs/nnet3/train/frame_level_objf/common.py:227 - train_one_iteration - INFO ] On iteration 20, learning rate is 0.000248592831856 and shrink value is 0.99.
2017-05-31 16:39:29,079 [steps/libs/nnet3/train/frame_level_objf/common.py:161 - train_one_iteration - INFO ] Training neural net (pass 21)
2017-05-31 16:39:29,087 [steps/libs/nnet3/train/frame_level_objf/common.py:227 - train_one_iteration - INFO ] On iteration 21, learning rate is 0.000246267424789 and shrink value is 0.99.
2017-05-31 16:43:44,548 [steps/libs/nnet3/train/frame_level_objf/common.py:161 - train_one_iteration - INFO ] Training neural net (pass 22)
2017-05-31 16:43:44,551 [steps/libs/nnet3/train/frame_level_objf/common.py:227 - train_one_iteration - INFO ] On iteration 22, learning rate is 0.000243963770232 and shrink value is 0.99.
2017-05-31 16:47:58,812 [steps/libs/nnet3/train/frame_level_objf/common.py:161 - train_one_iteration - INFO ] Training neural net (pass 23)
2017-05-31 16:47:58,819 [steps/libs/nnet3/train/frame_level_objf/common.py:227 - train_one_iteration - INFO ] On iteration 23, learning rate is 0.000241681664705 and shrink value is 0.99.
2017-05-31 16:52:15,488 [steps/libs/nnet3/train/frame_level_objf/common.py:161 - train_one_iteration - INFO ] Training neural net (pass 24)
2017-05-31 16:52:15,492 [steps/libs/nnet3/train/frame_level_objf/common.py:227 - train_one_iteration - INFO ] On iteration 24, learning rate is 0.000239420906634 and shrink value is 0.99.
2017-05-31 16:56:29,271 [steps/libs/nnet3/train/frame_level_objf/common.py:161 - train_one_iteration - INFO ] Training neural net (pass 25)
2017-05-31 16:56:29,277 [steps/libs/nnet3/train/frame_level_objf/common.py:227 - train_one_iteration - INFO ] On iteration 25, learning rate is 0.000237181296327 and shrink value is 0.99.
2017-05-31 17:00:45,732 [steps/libs/nnet3/train/frame_level_objf/common.py:161 - train_one_iteration - INFO ] Training neural net (pass 26)
2017-05-31 17:00:45,742 [steps/libs/nnet3/train/frame_level_objf/common.py:227 - train_one_iteration - INFO ] On iteration 26, learning rate is 0.000234962635964 and shrink value is 0.99.
2017-05-31 17:05:04,908 [steps/libs/nnet3/train/frame_level_objf/common.py:161 - train_one_iteration - INFO ] Training neural net (pass 27)
2017-05-31 17:05:04,912 [steps/libs/nnet3/train/frame_level_objf/common.py:227 - train_one_iteration - INFO ] On iteration 27, learning rate is 0.000232764729571 and shrink value is 0.99.
2017-05-31 17:09:26,129 [steps/libs/nnet3/train/frame_level_objf/common.py:161 - train_one_iteration - INFO ] Training neural net (pass 28)
2017-05-31 17:09:26,133 [steps/libs/nnet3/train/frame_level_objf/common.py:227 - train_one_iteration - INFO ] On iteration 28, learning rate is 0.000230587383012 and shrink value is 0.99.
2017-05-31 17:13:44,378 [steps/libs/nnet3/train/frame_level_objf/common.py:161 - train_one_iteration - INFO ] Training neural net (pass 29)
2017-05-31 17:13:44,382 [steps/libs/nnet3/train/frame_level_objf/common.py:227 - train_one_iteration - INFO ] On iteration 29, learning rate is 0.000228430403963 and shrink value is 0.99.
2017-05-31 17:18:00,960 [steps/libs/nnet3/train/frame_level_objf/common.py:161 - train_one_iteration - INFO ] Training neural net (pass 30)
2017-05-31 17:18:00,964 [steps/libs/nnet3/train/frame_level_objf/common.py:227 - train_one_iteration - INFO ] On iteration 30, learning rate is 0.000226293601901 and shrink value is 0.99.
2017-05-31 17:22:17,369 [steps/libs/nnet3/train/frame_level_objf/common.py:161 - train_one_iteration - INFO ] Training neural net (pass 31)
2017-05-31 17:22:17,373 [steps/libs/nnet3/train/frame_level_objf/common.py:227 - train_one_iteration - INFO ] On iteration 31, learning rate is 0.000224176788084 and shrink value is 0.99.
2017-05-31 17:26:38,639 [steps/libs/nnet3/train/frame_level_objf/common.py:161 - train_one_iteration - INFO ] Training neural net (pass 32)
2017-05-31 17:26:38,645 [steps/libs/nnet3/train/frame_level_objf/common.py:227 - train_one_iteration - INFO ] On iteration 32, learning rate is 0.000222079775538 and shrink value is 0.99.
2017-05-31 17:30:57,871 [steps/libs/nnet3/train/frame_level_objf/common.py:161 - train_one_iteration - INFO ] Training neural net (pass 33)
2017-05-31 17:30:57,875 [steps/libs/nnet3/train/frame_level_objf/common.py:227 - train_one_iteration - INFO ] On iteration 33, learning rate is 0.000220002379035 and shrink value is 0.99.
2017-05-31 17:35:15,193 [steps/libs/nnet3/train/frame_level_objf/common.py:161 - train_one_iteration - INFO ] Training neural net (pass 34)
2017-05-31 17:35:15,197 [steps/libs/nnet3/train/frame_level_objf/common.py:227 - train_one_iteration - INFO ] On iteration 34, learning rate is 0.000217944415082 and shrink value is 0.99.
2017-05-31 17:39:32,216 [steps/libs/nnet3/train/frame_level_objf/common.py:161 - train_one_iteration - INFO ] Training neural net (pass 35)
2017-05-31 17:39:32,220 [steps/libs/nnet3/train/frame_level_objf/common.py:227 - train_one_iteration - INFO ] On iteration 35, learning rate is 0.0002159057019 and shrink value is 0.99.
2017-05-31 17:43:48,593 [steps/libs/nnet3/train/frame_level_objf/common.py:161 - train_one_iteration - INFO ] Training neural net (pass 36)
2017-05-31 17:43:48,597 [steps/libs/nnet3/train/frame_level_objf/common.py:227 - train_one_iteration - INFO ] On iteration 36, learning rate is 0.000213886059414 and shrink value is 0.99.
2017-05-31 17:48:03,972 [steps/libs/nnet3/train/frame_level_objf/common.py:161 - train_one_iteration - INFO ] Training neural net (pass 37)
2017-05-31 17:48:03,976 [steps/libs/nnet3/train/frame_level_objf/common.py:227 - train_one_iteration - INFO ] On iteration 37, learning rate is 0.00021188530923 and shrink value is 0.99.
2017-05-31 17:52:20,664 [steps/libs/nnet3/train/frame_level_objf/common.py:161 - train_one_iteration - INFO ] Training neural net (pass 38)
2017-05-31 17:52:20,669 [steps/libs/nnet3/train/frame_level_objf/common.py:227 - train_one_iteration - INFO ] On iteration 38, learning rate is 0.000209903274624 and shrink value is 0.99.
2017-05-31 17:56:37,547 [steps/libs/nnet3/train/frame_level_objf/common.py:161 - train_one_iteration - INFO ] Training neural net (pass 39)
2017-05-31 17:56:37,551 [steps/libs/nnet3/train/frame_level_objf/common.py:227 - train_one_iteration - INFO ] On iteration 39, learning rate is 0.000207939780525 and shrink value is 0.99.
2017-05-31 18:00:56,402 [steps/libs/nnet3/train/frame_level_objf/common.py:161 - train_one_iteration - INFO ] Training neural net (pass 40)
2017-05-31 18:00:56,406 [steps/libs/nnet3/train/frame_level_objf/common.py:227 - train_one_iteration - INFO ] On iteration 40, learning rate is 0.000205994653501 and shrink value is 0.99.
2017-05-31 18:06:10,548 [steps/libs/nnet3/train/frame_level_objf/common.py:161 - train_one_iteration - INFO ] Training neural net (pass 41)
2017-05-31 18:06:10,552 [steps/libs/nnet3/train/frame_level_objf/common.py:227 - train_one_iteration - INFO ] On iteration 41, learning rate is 0.000204067721741 and shrink value is 0.99.
2017-05-31 18:10:25,682 [steps/libs/nnet3/train/frame_level_objf/common.py:161 - train_one_iteration - INFO ] Training neural net (pass 42)
2017-05-31 18:10:25,687 [steps/libs/nnet3/train/frame_level_objf/common.py:227 - train_one_iteration - INFO ] On iteration 42, learning rate is 0.000202158815041 and shrink value is 0.99.
2017-05-31 18:14:41,826 [steps/libs/nnet3/train/frame_level_objf/common.py:161 - train_one_iteration - INFO ] Training neural net (pass 43)
2017-05-31 18:14:41,831 [steps/libs/nnet3/train/frame_level_objf/common.py:227 - train_one_iteration - INFO ] On iteration 43, learning rate is 0.000200267764789 and shrink value is 0.99.
2017-05-31 18:18:52,575 [steps/libs/nnet3/train/frame_level_objf/common.py:161 - train_one_iteration - INFO ] Training neural net (pass 44)
2017-05-31 18:18:52,580 [steps/libs/nnet3/train/frame_level_objf/common.py:227 - train_one_iteration - INFO ] On iteration 44, learning rate is 0.000198394403952 and shrink value is 0.99.
2017-05-31 18:23:09,661 [steps/libs/nnet3/train/frame_level_objf/common.py:161 - train_one_iteration - INFO ] Training neural net (pass 45)
2017-05-31 18:23:09,668 [steps/libs/nnet3/train/frame_level_objf/common.py:227 - train_one_iteration - INFO ] On iteration 45, learning rate is 0.000196538567058 and shrink value is 0.99.
2017-05-31 18:27:26,597 [steps/libs/nnet3/train/frame_level_objf/common.py:161 - train_one_iteration - INFO ] Training neural net (pass 46)
2017-05-31 18:27:26,601 [steps/libs/nnet3/train/frame_level_objf/common.py:227 - train_one_iteration - INFO ] On iteration 46, learning rate is 0.000194700090182 and shrink value is 0.99.
2017-05-31 18:31:42,980 [steps/libs/nnet3/train/frame_level_objf/common.py:161 - train_one_iteration - INFO ] Training neural net (pass 47)
2017-05-31 18:31:42,984 [steps/libs/nnet3/train/frame_level_objf/common.py:227 - train_one_iteration - INFO ] On iteration 47, learning rate is 0.000192878810935 and shrink value is 0.99.
2017-05-31 18:35:58,545 [steps/libs/nnet3/train/frame_level_objf/common.py:161 - train_one_iteration - INFO ] Training neural net (pass 48)
2017-05-31 18:35:58,549 [steps/libs/nnet3/train/frame_level_objf/common.py:227 - train_one_iteration - INFO ] On iteration 48, learning rate is 0.000191074568444 and shrink value is 0.99.
2017-05-31 18:40:15,392 [steps/libs/nnet3/train/frame_level_objf/common.py:161 - train_one_iteration - INFO ] Training neural net (pass 49)
2017-05-31 18:40:15,397 [steps/libs/nnet3/train/frame_level_objf/common.py:227 - train_one_iteration - INFO ] On iteration 49, learning rate is 0.000189287203344 and shrink value is 0.99.
2017-05-31 18:44:31,281 [steps/libs/nnet3/train/frame_level_objf/common.py:161 - train_one_iteration - INFO ] Training neural net (pass 50)
2017-05-31 18:44:31,286 [steps/libs/nnet3/train/frame_level_objf/common.py:227 - train_one_iteration - INFO ] On iteration 50, learning rate is 0.000187516557758 and shrink value is 0.99.
2017-05-31 18:48:49,870 [steps/libs/nnet3/train/frame_level_objf/common.py:161 - train_one_iteration - INFO ] Training neural net (pass 51)
2017-05-31 18:48:49,874 [steps/libs/nnet3/train/frame_level_objf/common.py:227 - train_one_iteration - INFO ] On iteration 51, learning rate is 0.000185762475288 and shrink value is 0.99.
2017-05-31 18:53:05,730 [steps/libs/nnet3/train/frame_level_objf/common.py:161 - train_one_iteration - INFO ] Training neural net (pass 52)
2017-05-31 18:53:05,735 [steps/libs/nnet3/train/frame_level_objf/common.py:227 - train_one_iteration - INFO ] On iteration 52, learning rate is 0.000184024800997 and shrink value is 0.99.
2017-05-31 18:57:26,546 [steps/libs/nnet3/train/frame_level_objf/common.py:161 - train_one_iteration - INFO ] Training neural net (pass 53)
2017-05-31 18:57:26,551 [steps/libs/nnet3/train/frame_level_objf/common.py:227 - train_one_iteration - INFO ] On iteration 53, learning rate is 0.000182303381398 and shrink value is 0.99.
2017-05-31 19:01:43,291 [steps/libs/nnet3/train/frame_level_objf/common.py:161 - train_one_iteration - INFO ] Training neural net (pass 54)
2017-05-31 19:01:43,295 [steps/libs/nnet3/train/frame_level_objf/common.py:227 - train_one_iteration - INFO ] On iteration 54, learning rate is 0.000180598064442 and shrink value is 0.99.
2017-05-31 19:05:59,979 [steps/libs/nnet3/train/frame_level_objf/common.py:161 - train_one_iteration - INFO ] Training neural net (pass 55)
2017-05-31 19:05:59,983 [steps/libs/nnet3/train/frame_level_objf/common.py:227 - train_one_iteration - INFO ] On iteration 55, learning rate is 0.000178908699498 and shrink value is 0.99.
2017-05-31 19:10:16,261 [steps/libs/nnet3/train/frame_level_objf/common.py:161 - train_one_iteration - INFO ] Training neural net (pass 56)
2017-05-31 19:10:16,265 [steps/libs/nnet3/train/frame_level_objf/common.py:227 - train_one_iteration - INFO ] On iteration 56, learning rate is 0.000177235137348 and shrink value is 0.99.
2017-05-31 19:14:31,947 [steps/libs/nnet3/train/frame_level_objf/common.py:161 - train_one_iteration - INFO ] Training neural net (pass 57)
2017-05-31 19:14:31,950 [steps/libs/nnet3/train/frame_level_objf/common.py:227 - train_one_iteration - INFO ] On iteration 57, learning rate is 0.000175577230167 and shrink value is 0.99.
2017-05-31 19:18:44,147 [steps/libs/nnet3/train/frame_level_objf/common.py:161 - train_one_iteration - INFO ] Training neural net (pass 58)
2017-05-31 19:18:44,151 [steps/libs/nnet3/train/frame_level_objf/common.py:227 - train_one_iteration - INFO ] On iteration 58, learning rate is 0.000173934831515 and shrink value is 0.99.
2017-05-31 19:23:05,448 [steps/libs/nnet3/train/frame_level_objf/common.py:161 - train_one_iteration - INFO ] Training neural net (pass 59)
2017-05-31 19:23:05,456 [steps/libs/nnet3/train/frame_level_objf/common.py:227 - train_one_iteration - INFO ] On iteration 59, learning rate is 0.000172307796321 and shrink value is 0.99.
2017-05-31 19:27:21,316 [steps/libs/nnet3/train/frame_level_objf/common.py:161 - train_one_iteration - INFO ] Training neural net (pass 60)
2017-05-31 19:27:21,320 [steps/libs/nnet3/train/frame_level_objf/common.py:227 - train_one_iteration - INFO ] On iteration 60, learning rate is 0.000170695980871 and shrink value is 0.99.
2017-05-31 19:32:35,725 [steps/libs/nnet3/train/frame_level_objf/common.py:161 - train_one_iteration - INFO ] Training neural net (pass 61)
2017-05-31 19:32:35,729 [steps/libs/nnet3/train/frame_level_objf/common.py:227 - train_one_iteration - INFO ] On iteration 61, learning rate is 0.000169099242794 and shrink value is 0.99.
2017-05-31 19:36:53,046 [steps/libs/nnet3/train/frame_level_objf/common.py:161 - train_one_iteration - INFO ] Training neural net (pass 62)
2017-05-31 19:36:53,050 [steps/libs/nnet3/train/frame_level_objf/common.py:227 - train_one_iteration - INFO ] On iteration 62, learning rate is 0.000167517441053 and shrink value is 0.99.
2017-05-31 19:41:11,296 [steps/libs/nnet3/train/frame_level_objf/common.py:161 - train_one_iteration - INFO ] Training neural net (pass 63)
2017-05-31 19:41:11,300 [steps/libs/nnet3/train/frame_level_objf/common.py:227 - train_one_iteration - INFO ] On iteration 63, learning rate is 0.000165950435929 and shrink value is 0.99.
2017-05-31 19:45:30,039 [steps/libs/nnet3/train/frame_level_objf/common.py:161 - train_one_iteration - INFO ] Training neural net (pass 64)
2017-05-31 19:45:30,044 [steps/libs/nnet3/train/frame_level_objf/common.py:227 - train_one_iteration - INFO ] On iteration 64, learning rate is 0.00016439808901 and shrink value is 0.99.
2017-05-31 19:49:45,403 [steps/libs/nnet3/train/frame_level_objf/common.py:161 - train_one_iteration - INFO ] Training neural net (pass 65)
2017-05-31 19:49:45,407 [steps/libs/nnet3/train/frame_level_objf/common.py:227 - train_one_iteration - INFO ] On iteration 65, learning rate is 0.00016286026318 and shrink value is 0.99.
2017-05-31 19:53:59,693 [steps/libs/nnet3/train/frame_level_objf/common.py:161 - train_one_iteration - INFO ] Training neural net (pass 66)
2017-05-31 19:53:59,697 [steps/libs/nnet3/train/frame_level_objf/common.py:227 - train_one_iteration - INFO ] On iteration 66, learning rate is 0.000161336822604 and shrink value is 0.99.
2017-05-31 19:58:15,364 [steps/libs/nnet3/train/frame_level_objf/common.py:161 - train_one_iteration - INFO ] Training neural net (pass 67)
2017-05-31 19:58:15,368 [steps/libs/nnet3/train/frame_level_objf/common.py:227 - train_one_iteration - INFO ] On iteration 67, learning rate is 0.000159827632718 and shrink value is 0.99.
2017-05-31 20:02:30,543 [steps/libs/nnet3/train/frame_level_objf/common.py:161 - train_one_iteration - INFO ] Training neural net (pass 68)
2017-05-31 20:02:30,547 [steps/libs/nnet3/train/frame_level_objf/common.py:227 - train_one_iteration - INFO ] On iteration 68, learning rate is 0.000158332560218 and shrink value is 0.99.
2017-05-31 20:06:47,488 [steps/libs/nnet3/train/frame_level_objf/common.py:161 - train_one_iteration - INFO ] Training neural net (pass 69)
2017-05-31 20:06:47,493 [steps/libs/nnet3/train/frame_level_objf/common.py:227 - train_one_iteration - INFO ] On iteration 69, learning rate is 0.000156851473045 and shrink value is 0.99.
2017-05-31 20:11:05,464 [steps/libs/nnet3/train/frame_level_objf/common.py:161 - train_one_iteration - INFO ] Training neural net (pass 70)
2017-05-31 20:11:05,468 [steps/libs/nnet3/train/frame_level_objf/common.py:227 - train_one_iteration - INFO ] On iteration 70, learning rate is 0.000155384240377 and shrink value is 0.99.
2017-05-31 20:15:19,312 [steps/libs/nnet3/train/frame_level_objf/common.py:161 - train_one_iteration - INFO ] Training neural net (pass 71)
2017-05-31 20:15:19,317 [steps/libs/nnet3/train/frame_level_objf/common.py:227 - train_one_iteration - INFO ] On iteration 71, learning rate is 0.000153930732615 and shrink value is 0.99.
2017-05-31 20:19:34,964 [steps/libs/nnet3/train/frame_level_objf/common.py:161 - train_one_iteration - INFO ] Training neural net (pass 72)
2017-05-31 20:19:34,967 [steps/libs/nnet3/train/frame_level_objf/common.py:227 - train_one_iteration - INFO ] On iteration 72, learning rate is 0.000152490821372 and shrink value is 0.99.
2017-05-31 20:23:50,758 [steps/libs/nnet3/train/frame_level_objf/common.py:161 - train_one_iteration - INFO ] Training neural net (pass 73)
2017-05-31 20:23:50,762 [steps/libs/nnet3/train/frame_level_objf/common.py:227 - train_one_iteration - INFO ] On iteration 73, learning rate is 0.000151064379463 and shrink value is 0.99.
2017-05-31 20:28:05,006 [steps/libs/nnet3/train/frame_level_objf/common.py:161 - train_one_iteration - INFO ] Training neural net (pass 74)
2017-05-31 20:28:05,011 [steps/libs/nnet3/train/frame_level_objf/common.py:227 - train_one_iteration - INFO ] On iteration 74, learning rate is 0.000149651280891 and shrink value is 0.99.
2017-05-31 20:32:21,427 [steps/libs/nnet3/train/frame_level_objf/common.py:161 - train_one_iteration - INFO ] Training neural net (pass 75)
2017-05-31 20:32:21,431 [steps/libs/nnet3/train/frame_level_objf/common.py:227 - train_one_iteration - INFO ] On iteration 75, learning rate is 0.00014825140084 and shrink value is 0.99.
2017-05-31 20:36:38,427 [steps/libs/nnet3/train/frame_level_objf/common.py:161 - train_one_iteration - INFO ] Training neural net (pass 76)
2017-05-31 20:36:38,431 [steps/libs/nnet3/train/frame_level_objf/common.py:227 - train_one_iteration - INFO ] On iteration 76, learning rate is 0.000146864615659 and shrink value is 0.99.
2017-05-31 20:40:59,108 [steps/libs/nnet3/train/frame_level_objf/common.py:161 - train_one_iteration - INFO ] Training neural net (pass 77)
2017-05-31 20:40:59,112 [steps/libs/nnet3/train/frame_level_objf/common.py:227 - train_one_iteration - INFO ] On iteration 77, learning rate is 0.000145490802856 and shrink value is 0.99.
2017-05-31 20:45:14,752 [steps/libs/nnet3/train/frame_level_objf/common.py:161 - train_one_iteration - INFO ] Training neural net (pass 78)
2017-05-31 20:45:14,757 [steps/libs/nnet3/train/frame_level_objf/common.py:227 - train_one_iteration - INFO ] On iteration 78, learning rate is 0.000144129841083 and shrink value is 0.99.
2017-05-31 20:49:30,486 [steps/libs/nnet3/train/frame_level_objf/common.py:161 - train_one_iteration - INFO ] Training neural net (pass 79)
2017-05-31 20:49:30,490 [steps/libs/nnet3/train/frame_level_objf/common.py:227 - train_one_iteration - INFO ] On iteration 79, learning rate is 0.000142781610128 and shrink value is 0.99.
2017-05-31 20:53:45,893 [steps/libs/nnet3/train/frame_level_objf/common.py:161 - train_one_iteration - INFO ] Training neural net (pass 80)
2017-05-31 20:53:45,897 [steps/libs/nnet3/train/frame_level_objf/common.py:227 - train_one_iteration - INFO ] On iteration 80, learning rate is 0.000141445990904 and shrink value is 0.99.
2017-05-31 20:59:07,524 [steps/libs/nnet3/train/frame_level_objf/common.py:161 - train_one_iteration - INFO ] Training neural net (pass 81)
2017-05-31 20:59:07,528 [steps/libs/nnet3/train/frame_level_objf/common.py:227 - train_one_iteration - INFO ] On iteration 81, learning rate is 0.000140122865436 and shrink value is 0.99.
2017-05-31 21:03:26,916 [steps/libs/nnet3/train/frame_level_objf/common.py:161 - train_one_iteration - INFO ] Training neural net (pass 82)
2017-05-31 21:03:26,920 [steps/libs/nnet3/train/frame_level_objf/common.py:227 - train_one_iteration - INFO ] On iteration 82, learning rate is 0.000138812116855 and shrink value is 0.99.
2017-05-31 21:07:42,288 [steps/libs/nnet3/train/frame_level_objf/common.py:161 - train_one_iteration - INFO ] Training neural net (pass 83)
2017-05-31 21:07:42,293 [steps/libs/nnet3/train/frame_level_objf/common.py:227 - train_one_iteration - INFO ] On iteration 83, learning rate is 0.000137513629384 and shrink value is 0.99.
2017-05-31 21:11:58,874 [steps/libs/nnet3/train/frame_level_objf/common.py:161 - train_one_iteration - INFO ] Training neural net (pass 84)
2017-05-31 21:11:58,879 [steps/libs/nnet3/train/frame_level_objf/common.py:227 - train_one_iteration - INFO ] On iteration 84, learning rate is 0.000136227288329 and shrink value is 0.99.
2017-05-31 21:16:15,818 [steps/libs/nnet3/train/frame_level_objf/common.py:161 - train_one_iteration - INFO ] Training neural net (pass 85)
2017-05-31 21:16:15,822 [steps/libs/nnet3/train/frame_level_objf/common.py:227 - train_one_iteration - INFO ] On iteration 85, learning rate is 0.000134952980069 and shrink value is 0.99.
2017-05-31 21:20:31,275 [steps/libs/nnet3/train/frame_level_objf/common.py:161 - train_one_iteration - INFO ] Training neural net (pass 86)
2017-05-31 21:20:31,286 [steps/libs/nnet3/train/frame_level_objf/common.py:227 - train_one_iteration - INFO ] On iteration 86, learning rate is 0.000133690592046 and shrink value is 0.99.
2017-05-31 21:24:48,229 [steps/libs/nnet3/train/frame_level_objf/common.py:161 - train_one_iteration - INFO ] Training neural net (pass 87)
2017-05-31 21:24:48,233 [steps/libs/nnet3/train/frame_level_objf/common.py:227 - train_one_iteration - INFO ] On iteration 87, learning rate is 0.000132440012754 and shrink value is 0.99.
2017-05-31 21:29:04,951 [steps/libs/nnet3/train/frame_level_objf/common.py:161 - train_one_iteration - INFO ] Training neural net (pass 88)
2017-05-31 21:29:04,955 [steps/libs/nnet3/train/frame_level_objf/common.py:227 - train_one_iteration - INFO ] On iteration 88, learning rate is 0.000131201131732 and shrink value is 0.99.
2017-05-31 21:33:24,397 [steps/libs/nnet3/train/frame_level_objf/common.py:161 - train_one_iteration - INFO ] Training neural net (pass 89)
2017-05-31 21:33:24,401 [steps/libs/nnet3/train/frame_level_objf/common.py:227 - train_one_iteration - INFO ] On iteration 89, learning rate is 0.00012997383955 and shrink value is 0.99.
2017-05-31 21:37:42,335 [steps/libs/nnet3/train/frame_level_objf/common.py:161 - train_one_iteration - INFO ] Training neural net (pass 90)
2017-05-31 21:37:42,340 [steps/libs/nnet3/train/frame_level_objf/common.py:227 - train_one_iteration - INFO ] On iteration 90, learning rate is 0.000128758027804 and shrink value is 0.99.
2017-05-31 21:41:59,752 [steps/libs/nnet3/train/frame_level_objf/common.py:161 - train_one_iteration - INFO ] Training neural net (pass 91)
2017-05-31 21:41:59,756 [steps/libs/nnet3/train/frame_level_objf/common.py:227 - train_one_iteration - INFO ] On iteration 91, learning rate is 0.000127553589101 and shrink value is 0.99.
2017-05-31 21:46:16,738 [steps/libs/nnet3/train/frame_level_objf/common.py:161 - train_one_iteration - INFO ] Training neural net (pass 92)
2017-05-31 21:46:16,746 [steps/libs/nnet3/train/frame_level_objf/common.py:227 - train_one_iteration - INFO ] On iteration 92, learning rate is 0.000126360417057 and shrink value is 0.99.
2017-05-31 21:50:29,827 [steps/libs/nnet3/train/frame_level_objf/common.py:161 - train_one_iteration - INFO ] Training neural net (pass 93)
2017-05-31 21:50:29,830 [steps/libs/nnet3/train/frame_level_objf/common.py:227 - train_one_iteration - INFO ] On iteration 93, learning rate is 0.000125178406277 and shrink value is 0.99.
2017-05-31 21:55:07,470 [steps/libs/nnet3/train/frame_level_objf/common.py:161 - train_one_iteration - INFO ] Training neural net (pass 94)
2017-05-31 21:55:07,534 [steps/libs/nnet3/train/frame_level_objf/common.py:227 - train_one_iteration - INFO ] On iteration 94, learning rate is 0.000124007452359 and shrink value is 0.99.
2017-05-31 22:01:04,037 [steps/libs/nnet3/train/frame_level_objf/common.py:161 - train_one_iteration - INFO ] Training neural net (pass 95)
2017-05-31 22:01:04,145 [steps/libs/nnet3/train/frame_level_objf/common.py:227 - train_one_iteration - INFO ] On iteration 95, learning rate is 0.000122847451871 and shrink value is 0.99.
2017-05-31 22:07:05,627 [steps/libs/nnet3/train/frame_level_objf/common.py:161 - train_one_iteration - INFO ] Training neural net (pass 96)
2017-05-31 22:07:05,717 [steps/libs/nnet3/train/frame_level_objf/common.py:227 - train_one_iteration - INFO ] On iteration 96, learning rate is 0.000121698302354 and shrink value is 0.99.
2017-05-31 22:13:21,813 [steps/libs/nnet3/train/frame_level_objf/common.py:161 - train_one_iteration - INFO ] Training neural net (pass 97)
2017-05-31 22:13:21,966 [steps/libs/nnet3/train/frame_level_objf/common.py:227 - train_one_iteration - INFO ] On iteration 97, learning rate is 0.000120559902303 and shrink value is 0.99.
2017-05-31 22:24:31,623 [steps/libs/nnet3/train/frame_level_objf/common.py:161 - train_one_iteration - INFO ] Training neural net (pass 98)
2017-05-31 22:24:35,630 [steps/libs/nnet3/train/frame_level_objf/common.py:227 - train_one_iteration - INFO ] On iteration 98, learning rate is 0.000119432151166 and shrink value is 0.99.
2017-05-31 22:33:25,410 [steps/libs/nnet3/train/frame_level_objf/common.py:161 - train_one_iteration - INFO ] Training neural net (pass 99)
2017-05-31 22:33:25,446 [steps/libs/nnet3/train/frame_level_objf/common.py:227 - train_one_iteration - INFO ] On iteration 99, learning rate is 0.000118314949329 and shrink value is 0.99.
2017-05-31 22:38:37,730 [steps/libs/nnet3/train/frame_level_objf/common.py:161 - train_one_iteration - INFO ] Training neural net (pass 100)
2017-05-31 22:38:37,777 [steps/libs/nnet3/train/frame_level_objf/common.py:227 - train_one_iteration - INFO ] On iteration 100, learning rate is 0.000117208198112 and shrink value is 0.99.
2017-05-31 22:45:40,337 [steps/libs/nnet3/train/frame_level_objf/common.py:161 - train_one_iteration - INFO ] Training neural net (pass 101)
2017-05-31 22:45:40,369 [steps/libs/nnet3/train/frame_level_objf/common.py:227 - train_one_iteration - INFO ] On iteration 101, learning rate is 0.000116111799755 and shrink value is 0.99.
2017-05-31 22:51:27,278 [steps/libs/nnet3/train/frame_level_objf/common.py:161 - train_one_iteration - INFO ] Training neural net (pass 102)
2017-05-31 22:51:27,362 [steps/libs/nnet3/train/frame_level_objf/common.py:227 - train_one_iteration - INFO ] On iteration 102, learning rate is 0.000115025657417 and shrink value is 0.99.
2017-05-31 22:57:17,876 [steps/libs/nnet3/train/frame_level_objf/common.py:161 - train_one_iteration - INFO ] Training neural net (pass 103)
2017-05-31 22:57:17,897 [steps/libs/nnet3/train/frame_level_objf/common.py:227 - train_one_iteration - INFO ] On iteration 103, learning rate is 0.000113949675158 and shrink value is 0.99.
2017-05-31 23:01:54,308 [steps/libs/nnet3/train/frame_level_objf/common.py:161 - train_one_iteration - INFO ] Training neural net (pass 104)
2017-05-31 23:01:54,319 [steps/libs/nnet3/train/frame_level_objf/common.py:227 - train_one_iteration - INFO ] On iteration 104, learning rate is 0.00011288375794 and shrink value is 0.99.
2017-05-31 23:06:13,248 [steps/libs/nnet3/train/frame_level_objf/common.py:161 - train_one_iteration - INFO ] Training neural net (pass 105)
2017-05-31 23:06:13,252 [steps/libs/nnet3/train/frame_level_objf/common.py:227 - train_one_iteration - INFO ] On iteration 105, learning rate is 0.000111827811609 and shrink value is 0.99.
2017-05-31 23:10:27,072 [steps/libs/nnet3/train/frame_level_objf/common.py:161 - train_one_iteration - INFO ] Training neural net (pass 106)
2017-05-31 23:10:27,076 [steps/libs/nnet3/train/frame_level_objf/common.py:227 - train_one_iteration - INFO ] On iteration 106, learning rate is 0.000110781742897 and shrink value is 0.99.
2017-05-31 23:14:41,341 [steps/libs/nnet3/train/frame_level_objf/common.py:161 - train_one_iteration - INFO ] Training neural net (pass 107)
2017-05-31 23:14:41,346 [steps/libs/nnet3/train/frame_level_objf/common.py:227 - train_one_iteration - INFO ] On iteration 107, learning rate is 0.000109745459406 and shrink value is 0.99.
2017-05-31 23:19:01,826 [steps/libs/nnet3/train/frame_level_objf/common.py:161 - train_one_iteration - INFO ] Training neural net (pass 108)
2017-05-31 23:19:01,830 [steps/libs/nnet3/train/frame_level_objf/common.py:227 - train_one_iteration - INFO ] On iteration 108, learning rate is 0.0001087188696 and shrink value is 0.99.
2017-05-31 23:23:18,511 [steps/libs/nnet3/train/frame_level_objf/common.py:161 - train_one_iteration - INFO ] Training neural net (pass 109)
2017-05-31 23:23:18,515 [steps/libs/nnet3/train/frame_level_objf/common.py:227 - train_one_iteration - INFO ] On iteration 109, learning rate is 0.000107701882804 and shrink value is 0.99.
2017-05-31 23:27:35,664 [steps/libs/nnet3/train/frame_level_objf/common.py:161 - train_one_iteration - INFO ] Training neural net (pass 110)
2017-05-31 23:27:35,668 [steps/libs/nnet3/train/frame_level_objf/common.py:227 - train_one_iteration - INFO ] On iteration 110, learning rate is 0.000106694409187 and shrink value is 0.99.
2017-05-31 23:31:52,843 [steps/libs/nnet3/train/frame_level_objf/common.py:161 - train_one_iteration - INFO ] Training neural net (pass 111)
2017-05-31 23:31:52,848 [steps/libs/nnet3/train/frame_level_objf/common.py:227 - train_one_iteration - INFO ] On iteration 111, learning rate is 0.000105696359761 and shrink value is 0.99.
2017-05-31 23:36:11,948 [steps/libs/nnet3/train/frame_level_objf/common.py:161 - train_one_iteration - INFO ] Training neural net (pass 112)
2017-05-31 23:36:11,952 [steps/libs/nnet3/train/frame_level_objf/common.py:227 - train_one_iteration - INFO ] On iteration 112, learning rate is 0.000104707646369 and shrink value is 0.99.
2017-05-31 23:40:30,650 [steps/libs/nnet3/train/frame_level_objf/common.py:161 - train_one_iteration - INFO ] Training neural net (pass 113)
2017-05-31 23:40:30,654 [steps/libs/nnet3/train/frame_level_objf/common.py:227 - train_one_iteration - INFO ] On iteration 113, learning rate is 0.000103728181679 and shrink value is 0.99.
2017-05-31 23:44:46,735 [steps/libs/nnet3/train/frame_level_objf/common.py:161 - train_one_iteration - INFO ] Training neural net (pass 114)
2017-05-31 23:44:46,739 [steps/libs/nnet3/train/frame_level_objf/common.py:227 - train_one_iteration - INFO ] On iteration 114, learning rate is 0.000102757879177 and shrink value is 0.99.
2017-05-31 23:49:02,098 [steps/libs/nnet3/train/frame_level_objf/common.py:161 - train_one_iteration - INFO ] Training neural net (pass 115)
2017-05-31 23:49:02,103 [steps/libs/nnet3/train/frame_level_objf/common.py:227 - train_one_iteration - INFO ] On iteration 115, learning rate is 0.000101796653157 and shrink value is 0.99.
2017-05-31 23:53:15,814 [steps/libs/nnet3/train/frame_level_objf/common.py:161 - train_one_iteration - INFO ] Training neural net (pass 116)
2017-05-31 23:53:15,818 [steps/libs/nnet3/train/frame_level_objf/common.py:227 - train_one_iteration - INFO ] On iteration 116, learning rate is 0.000100844418714 and shrink value is 0.99.
2017-05-31 23:57:35,379 [steps/libs/nnet3/train/frame_level_objf/common.py:161 - train_one_iteration - INFO ] Training neural net (pass 117)
2017-05-31 23:57:35,384 [steps/libs/nnet3/train/frame_level_objf/common.py:227 - train_one_iteration - INFO ] On iteration 117, learning rate is 9.99010917397e-05 and shrink value is 0.99.
2017-06-01 00:01:55,498 [steps/libs/nnet3/train/frame_level_objf/common.py:161 - train_one_iteration - INFO ] Training neural net (pass 118)
2017-06-01 00:01:55,503 [steps/libs/nnet3/train/frame_level_objf/common.py:227 - train_one_iteration - INFO ] On iteration 118, learning rate is 9.89665889102e-05 and shrink value is 0.99.
2017-06-01 00:06:12,890 [steps/libs/nnet3/train/frame_level_objf/common.py:161 - train_one_iteration - INFO ] Training neural net (pass 119)
2017-06-01 00:06:12,894 [steps/libs/nnet3/train/frame_level_objf/common.py:227 - train_one_iteration - INFO ] On iteration 119, learning rate is 9.80408276823e-05 and shrink value is 0.99.
2017-06-01 00:10:40,335 [steps/libs/nnet3/train/frame_level_objf/common.py:161 - train_one_iteration - INFO ] Training neural net (pass 120)
2017-06-01 00:10:40,339 [steps/libs/nnet3/train/frame_level_objf/common.py:227 - train_one_iteration - INFO ] On iteration 120, learning rate is 9.71237262845e-05 and shrink value is 0.99.
2017-06-01 00:16:00,396 [steps/libs/nnet3/train/frame_level_objf/common.py:161 - train_one_iteration - INFO ] Training neural net (pass 121)
2017-06-01 00:16:00,400 [steps/libs/nnet3/train/frame_level_objf/common.py:227 - train_one_iteration - INFO ] On iteration 121, learning rate is 9.62152037104e-05 and shrink value is 0.99.
2017-06-01 00:20:16,113 [steps/libs/nnet3/train/frame_level_objf/common.py:161 - train_one_iteration - INFO ] Training neural net (pass 122)
2017-06-01 00:20:16,117 [steps/libs/nnet3/train/frame_level_objf/common.py:227 - train_one_iteration - INFO ] On iteration 122, learning rate is 9.53151797113e-05 and shrink value is 0.99.
2017-06-01 00:24:28,998 [steps/libs/nnet3/train/frame_level_objf/common.py:161 - train_one_iteration - INFO ] Training neural net (pass 123)
2017-06-01 00:24:29,003 [steps/libs/nnet3/train/frame_level_objf/common.py:227 - train_one_iteration - INFO ] On iteration 123, learning rate is 9.4423574789e-05 and shrink value is 0.99.
2017-06-01 00:28:43,617 [steps/libs/nnet3/train/frame_level_objf/common.py:161 - train_one_iteration - INFO ] Training neural net (pass 124)
2017-06-01 00:28:43,621 [steps/libs/nnet3/train/frame_level_objf/common.py:227 - train_one_iteration - INFO ] On iteration 124, learning rate is 9.35403101893e-05 and shrink value is 0.99.
2017-06-01 00:32:59,373 [steps/libs/nnet3/train/frame_level_objf/common.py:161 - train_one_iteration - INFO ] Training neural net (pass 125)
2017-06-01 00:32:59,377 [steps/libs/nnet3/train/frame_level_objf/common.py:227 - train_one_iteration - INFO ] On iteration 125, learning rate is 9.26653078943e-05 and shrink value is 0.99.
2017-06-01 00:37:19,335 [steps/libs/nnet3/train/frame_level_objf/common.py:161 - train_one_iteration - INFO ] Training neural net (pass 126)
2017-06-01 00:37:19,339 [steps/libs/nnet3/train/frame_level_objf/common.py:227 - train_one_iteration - INFO ] On iteration 126, learning rate is 9.17984906162e-05 and shrink value is 0.99.
2017-06-01 00:41:35,195 [steps/libs/nnet3/train/frame_level_objf/common.py:161 - train_one_iteration - INFO ] Training neural net (pass 127)
2017-06-01 00:41:35,199 [steps/libs/nnet3/train/frame_level_objf/common.py:227 - train_one_iteration - INFO ] On iteration 127, learning rate is 9.093978179e-05 and shrink value is 0.99.
2017-06-01 00:45:48,033 [steps/libs/nnet3/train/frame_level_objf/common.py:161 - train_one_iteration - INFO ] Training neural net (pass 128)
2017-06-01 00:45:48,042 [steps/libs/nnet3/train/frame_level_objf/common.py:227 - train_one_iteration - INFO ] On iteration 128, learning rate is 9.0089105567e-05 and shrink value is 0.99.
2017-06-01 00:50:01,275 [steps/libs/nnet3/train/frame_level_objf/common.py:161 - train_one_iteration - INFO ] Training neural net (pass 129)
2017-06-01 00:50:01,281 [steps/libs/nnet3/train/frame_level_objf/common.py:227 - train_one_iteration - INFO ] On iteration 129, learning rate is 8.9246386808e-05 and shrink value is 0.99.
2017-06-01 00:54:19,889 [steps/libs/nnet3/train/frame_level_objf/common.py:161 - train_one_iteration - INFO ] Training neural net (pass 130)
2017-06-01 00:54:19,893 [steps/libs/nnet3/train/frame_level_objf/common.py:227 - train_one_iteration - INFO ] On iteration 130, learning rate is 8.84115510766e-05 and shrink value is 0.99.
2017-06-01 00:58:39,763 [steps/libs/nnet3/train/frame_level_objf/common.py:161 - train_one_iteration - INFO ] Training neural net (pass 131)
2017-06-01 00:58:39,769 [steps/libs/nnet3/train/frame_level_objf/common.py:227 - train_one_iteration - INFO ] On iteration 131, learning rate is 8.75845246327e-05 and shrink value is 0.99.
2017-06-01 01:02:53,729 [steps/libs/nnet3/train/frame_level_objf/common.py:161 - train_one_iteration - INFO ] Training neural net (pass 132)
2017-06-01 01:02:53,733 [steps/libs/nnet3/train/frame_level_objf/common.py:227 - train_one_iteration - INFO ] On iteration 132, learning rate is 8.67652344261e-05 and shrink value is 0.99.
2017-06-01 01:07:11,074 [steps/libs/nnet3/train/frame_level_objf/common.py:161 - train_one_iteration - INFO ] Training neural net (pass 133)
2017-06-01 01:07:11,078 [steps/libs/nnet3/train/frame_level_objf/common.py:227 - train_one_iteration - INFO ] On iteration 133, learning rate is 8.59536080899e-05 and shrink value is 0.99.
2017-06-01 01:11:27,592 [steps/libs/nnet3/train/frame_level_objf/common.py:161 - train_one_iteration - INFO ] Training neural net (pass 134)
2017-06-01 01:11:27,596 [steps/libs/nnet3/train/frame_level_objf/common.py:227 - train_one_iteration - INFO ] On iteration 134, learning rate is 8.51495739341e-05 and shrink value is 0.99.
2017-06-01 01:15:44,489 [steps/libs/nnet3/train/frame_level_objf/common.py:161 - train_one_iteration - INFO ] Training neural net (pass 135)
2017-06-01 01:15:44,494 [steps/libs/nnet3/train/frame_level_objf/common.py:227 - train_one_iteration - INFO ] On iteration 135, learning rate is 8.43530609392e-05 and shrink value is 0.99.
2017-06-01 01:20:01,247 [steps/libs/nnet3/train/frame_level_objf/common.py:161 - train_one_iteration - INFO ] Training neural net (pass 136)
2017-06-01 01:20:01,252 [steps/libs/nnet3/train/frame_level_objf/common.py:227 - train_one_iteration - INFO ] On iteration 136, learning rate is 8.35639987503e-05 and shrink value is 0.99.
2017-06-01 01:24:17,177 [steps/libs/nnet3/train/frame_level_objf/common.py:161 - train_one_iteration - INFO ] Training neural net (pass 137)
2017-06-01 01:24:17,181 [steps/libs/nnet3/train/frame_level_objf/common.py:227 - train_one_iteration - INFO ] On iteration 137, learning rate is 8.27823176704e-05 and shrink value is 0.99.
2017-06-01 01:28:35,512 [steps/libs/nnet3/train/frame_level_objf/common.py:161 - train_one_iteration - INFO ] Training neural net (pass 138)
2017-06-01 01:28:35,517 [steps/libs/nnet3/train/frame_level_objf/common.py:227 - train_one_iteration - INFO ] On iteration 138, learning rate is 8.20079486545e-05 and shrink value is 0.99.
2017-06-01 01:32:51,467 [steps/libs/nnet3/train/frame_level_objf/common.py:161 - train_one_iteration - INFO ] Training neural net (pass 139)
2017-06-01 01:32:51,471 [steps/libs/nnet3/train/frame_level_objf/common.py:227 - train_one_iteration - INFO ] On iteration 139, learning rate is 8.12408233036e-05 and shrink value is 0.99.
2017-06-01 01:37:07,593 [steps/libs/nnet3/train/frame_level_objf/common.py:161 - train_one_iteration - INFO ] Training neural net (pass 140)
2017-06-01 01:37:07,597 [steps/libs/nnet3/train/frame_level_objf/common.py:227 - train_one_iteration - INFO ] On iteration 140, learning rate is 8.04808738584e-05 and shrink value is 0.99.
2017-06-01 01:42:21,187 [steps/libs/nnet3/train/frame_level_objf/common.py:161 - train_one_iteration - INFO ] Training neural net (pass 141)
2017-06-01 01:42:21,191 [steps/libs/nnet3/train/frame_level_objf/common.py:227 - train_one_iteration - INFO ] On iteration 141, learning rate is 7.97280331934e-05 and shrink value is 0.99.
2017-06-01 01:46:29,600 [steps/libs/nnet3/train/frame_level_objf/common.py:161 - train_one_iteration - INFO ] Training neural net (pass 142)
2017-06-01 01:46:29,603 [steps/libs/nnet3/train/frame_level_objf/common.py:227 - train_one_iteration - INFO ] On iteration 142, learning rate is 7.89822348111e-05 and shrink value is 0.99.
2017-06-01 01:50:45,291 [steps/libs/nnet3/train/frame_level_objf/common.py:161 - train_one_iteration - INFO ] Training neural net (pass 143)
2017-06-01 01:50:45,295 [steps/libs/nnet3/train/frame_level_objf/common.py:227 - train_one_iteration - INFO ] On iteration 143, learning rate is 7.8243412836e-05 and shrink value is 0.99.
2017-06-01 01:55:01,399 [steps/libs/nnet3/train/frame_level_objf/common.py:161 - train_one_iteration - INFO ] Training neural net (pass 144)
2017-06-01 01:55:01,409 [steps/libs/nnet3/train/frame_level_objf/common.py:227 - train_one_iteration - INFO ] On iteration 144, learning rate is 7.75115020089e-05 and shrink value is 0.99.
2017-06-01 01:59:17,280 [steps/libs/nnet3/train/frame_level_objf/common.py:161 - train_one_iteration - INFO ] Training neural net (pass 145)
2017-06-01 01:59:17,283 [steps/libs/nnet3/train/frame_level_objf/common.py:227 - train_one_iteration - INFO ] On iteration 145, learning rate is 7.6786437681e-05 and shrink value is 0.99.
2017-06-01 02:03:33,839 [steps/libs/nnet3/train/frame_level_objf/common.py:161 - train_one_iteration - INFO ] Training neural net (pass 146)
2017-06-01 02:03:33,846 [steps/libs/nnet3/train/frame_level_objf/common.py:227 - train_one_iteration - INFO ] On iteration 146, learning rate is 7.60681558081e-05 and shrink value is 0.99.
2017-06-01 02:07:49,529 [steps/libs/nnet3/train/frame_level_objf/common.py:161 - train_one_iteration - INFO ] Training neural net (pass 147)
2017-06-01 02:07:49,534 [steps/libs/nnet3/train/frame_level_objf/common.py:227 - train_one_iteration - INFO ] On iteration 147, learning rate is 7.53565929453e-05 and shrink value is 0.99.
2017-06-01 02:12:04,902 [steps/libs/nnet3/train/frame_level_objf/common.py:161 - train_one_iteration - INFO ] Training neural net (pass 148)
2017-06-01 02:12:04,906 [steps/libs/nnet3/train/frame_level_objf/common.py:227 - train_one_iteration - INFO ] On iteration 148, learning rate is 7.46516862411e-05 and shrink value is 0.99.
2017-06-01 02:16:23,736 [steps/libs/nnet3/train/frame_level_objf/common.py:161 - train_one_iteration - INFO ] Training neural net (pass 149)
2017-06-01 02:16:23,740 [steps/libs/nnet3/train/frame_level_objf/common.py:227 - train_one_iteration - INFO ] On iteration 149, learning rate is 7.39533734318e-05 and shrink value is 0.99.
2017-06-01 02:20:37,480 [steps/libs/nnet3/train/frame_level_objf/common.py:161 - train_one_iteration - INFO ] Training neural net (pass 150)
2017-06-01 02:20:37,485 [steps/libs/nnet3/train/frame_level_objf/common.py:227 - train_one_iteration - INFO ] On iteration 150, learning rate is 7.32615928365e-05 and shrink value is 0.99.
2017-06-01 02:24:55,698 [steps/libs/nnet3/train/frame_level_objf/common.py:161 - train_one_iteration - INFO ] Training neural net (pass 151)
2017-06-01 02:24:55,701 [steps/libs/nnet3/train/frame_level_objf/common.py:227 - train_one_iteration - INFO ] On iteration 151, learning rate is 7.25762833508e-05 and shrink value is 0.99.
2017-06-01 02:29:12,463 [steps/libs/nnet3/train/frame_level_objf/common.py:161 - train_one_iteration - INFO ] Training neural net (pass 152)
2017-06-01 02:29:12,467 [steps/libs/nnet3/train/frame_level_objf/common.py:227 - train_one_iteration - INFO ] On iteration 152, learning rate is 7.18973844422e-05 and shrink value is 0.99.
2017-06-01 02:33:28,750 [steps/libs/nnet3/train/frame_level_objf/common.py:161 - train_one_iteration - INFO ] Training neural net (pass 153)
2017-06-01 02:33:28,756 [steps/libs/nnet3/train/frame_level_objf/common.py:227 - train_one_iteration - INFO ] On iteration 153, learning rate is 7.12248361445e-05 and shrink value is 0.99.
2017-06-01 02:37:42,933 [steps/libs/nnet3/train/frame_level_objf/common.py:161 - train_one_iteration - INFO ] Training neural net (pass 154)
2017-06-01 02:37:42,937 [steps/libs/nnet3/train/frame_level_objf/common.py:227 - train_one_iteration - INFO ] On iteration 154, learning rate is 7.05585790521e-05 and shrink value is 0.99.
2017-06-01 02:41:55,528 [steps/libs/nnet3/train/frame_level_objf/common.py:161 - train_one_iteration - INFO ] Training neural net (pass 155)
2017-06-01 02:41:55,532 [steps/libs/nnet3/train/frame_level_objf/common.py:227 - train_one_iteration - INFO ] On iteration 155, learning rate is 6.98985543155e-05 and shrink value is 0.99.
2017-06-01 02:46:07,696 [steps/libs/nnet3/train/frame_level_objf/common.py:161 - train_one_iteration - INFO ] Training neural net (pass 156)
2017-06-01 02:46:07,700 [steps/libs/nnet3/train/frame_level_objf/common.py:227 - train_one_iteration - INFO ] On iteration 156, learning rate is 6.92447036353e-05 and shrink value is 0.99.
2017-06-01 02:50:27,656 [steps/libs/nnet3/train/frame_level_objf/common.py:161 - train_one_iteration - INFO ] Training neural net (pass 157)
2017-06-01 02:50:27,660 [steps/libs/nnet3/train/frame_level_objf/common.py:227 - train_one_iteration - INFO ] On iteration 157, learning rate is 6.85969692577e-05 and shrink value is 0.99.
2017-06-01 02:54:42,104 [steps/libs/nnet3/train/frame_level_objf/common.py:161 - train_one_iteration - INFO ] Training neural net (pass 158)
2017-06-01 02:54:42,109 [steps/libs/nnet3/train/frame_level_objf/common.py:227 - train_one_iteration - INFO ] On iteration 158, learning rate is 6.79552939692e-05 and shrink value is 0.99.
2017-06-01 02:59:00,127 [steps/libs/nnet3/train/frame_level_objf/common.py:161 - train_one_iteration - INFO ] Training neural net (pass 159)
2017-06-01 02:59:00,131 [steps/libs/nnet3/train/frame_level_objf/common.py:227 - train_one_iteration - INFO ] On iteration 159, learning rate is 6.73196210913e-05 and shrink value is 0.99.
2017-06-01 03:03:16,752 [steps/libs/nnet3/train/frame_level_objf/common.py:161 - train_one_iteration - INFO ] Training neural net (pass 160)
2017-06-01 03:03:16,756 [steps/libs/nnet3/train/frame_level_objf/common.py:227 - train_one_iteration - INFO ] On iteration 160, learning rate is 6.66898944758e-05 and shrink value is 0.99.
2017-06-01 03:08:32,937 [steps/libs/nnet3/train/frame_level_objf/common.py:161 - train_one_iteration - INFO ] Training neural net (pass 161)
2017-06-01 03:08:32,941 [steps/libs/nnet3/train/frame_level_objf/common.py:227 - train_one_iteration - INFO ] On iteration 161, learning rate is 6.60660584996e-05 and shrink value is 0.99.
2017-06-01 03:12:49,144 [steps/libs/nnet3/train/frame_level_objf/common.py:161 - train_one_iteration - INFO ] Training neural net (pass 162)
2017-06-01 03:12:49,148 [steps/libs/nnet3/train/frame_level_objf/common.py:227 - train_one_iteration - INFO ] On iteration 162, learning rate is 6.54480580601e-05 and shrink value is 0.99.
2017-06-01 03:17:03,292 [steps/libs/nnet3/train/frame_level_objf/common.py:161 - train_one_iteration - INFO ] Training neural net (pass 163)
2017-06-01 03:17:03,297 [steps/libs/nnet3/train/frame_level_objf/common.py:227 - train_one_iteration - INFO ] On iteration 163, learning rate is 6.48358385701e-05 and shrink value is 0.99.
2017-06-01 03:21:18,208 [steps/libs/nnet3/train/frame_level_objf/common.py:161 - train_one_iteration - INFO ] Training neural net (pass 164)
2017-06-01 03:21:18,213 [steps/libs/nnet3/train/frame_level_objf/common.py:227 - train_one_iteration - INFO ] On iteration 164, learning rate is 6.42293459528e-05 and shrink value is 0.99.
2017-06-01 03:25:30,870 [steps/libs/nnet3/train/frame_level_objf/common.py:161 - train_one_iteration - INFO ] Training neural net (pass 165)
2017-06-01 03:25:30,879 [steps/libs/nnet3/train/frame_level_objf/common.py:227 - train_one_iteration - INFO ] On iteration 165, learning rate is 6.36285266376e-05 and shrink value is 0.99.
2017-06-01 03:29:44,279 [steps/libs/nnet3/train/frame_level_objf/common.py:161 - train_one_iteration - INFO ] Training neural net (pass 166)
2017-06-01 03:29:44,284 [steps/libs/nnet3/train/frame_level_objf/common.py:227 - train_one_iteration - INFO ] On iteration 166, learning rate is 6.30333275548e-05 and shrink value is 0.99.
2017-06-01 03:33:58,618 [steps/libs/nnet3/train/frame_level_objf/common.py:161 - train_one_iteration - INFO ] Training neural net (pass 167)
2017-06-01 03:33:58,622 [steps/libs/nnet3/train/frame_level_objf/common.py:227 - train_one_iteration - INFO ] On iteration 167, learning rate is 6.24436961311e-05 and shrink value is 0.99.
2017-06-01 03:38:15,263 [steps/libs/nnet3/train/frame_level_objf/common.py:161 - train_one_iteration - INFO ] Training neural net (pass 168)
2017-06-01 03:38:15,267 [steps/libs/nnet3/train/frame_level_objf/common.py:227 - train_one_iteration - INFO ] On iteration 168, learning rate is 6.18595802851e-05 and shrink value is 0.99.
2017-06-01 03:42:27,409 [steps/libs/nnet3/train/frame_level_objf/common.py:161 - train_one_iteration - INFO ] Training neural net (pass 169)
2017-06-01 03:42:27,413 [steps/libs/nnet3/train/frame_level_objf/common.py:227 - train_one_iteration - INFO ] On iteration 169, learning rate is 6.12809284225e-05 and shrink value is 0.99.
2017-06-01 03:46:42,221 [steps/libs/nnet3/train/frame_level_objf/common.py:161 - train_one_iteration - INFO ] Training neural net (pass 170)
2017-06-01 03:46:42,225 [steps/libs/nnet3/train/frame_level_objf/common.py:227 - train_one_iteration - INFO ] On iteration 170, learning rate is 6.07076894318e-05 and shrink value is 0.99.
2017-06-01 03:50:57,030 [steps/libs/nnet3/train/frame_level_objf/common.py:161 - train_one_iteration - INFO ] Training neural net (pass 171)
2017-06-01 03:50:57,035 [steps/libs/nnet3/train/frame_level_objf/common.py:227 - train_one_iteration - INFO ] On iteration 171, learning rate is 6.01398126793e-05 and shrink value is 0.99.
2017-06-01 03:55:09,405 [steps/libs/nnet3/train/frame_level_objf/common.py:161 - train_one_iteration - INFO ] Training neural net (pass 172)
2017-06-01 03:55:09,410 [steps/libs/nnet3/train/frame_level_objf/common.py:227 - train_one_iteration - INFO ] On iteration 172, learning rate is 5.95772480052e-05 and shrink value is 0.99.
2017-06-01 03:59:22,715 [steps/libs/nnet3/train/frame_level_objf/common.py:161 - train_one_iteration - INFO ] Training neural net (pass 173)
2017-06-01 03:59:22,720 [steps/libs/nnet3/train/frame_level_objf/common.py:227 - train_one_iteration - INFO ] On iteration 173, learning rate is 5.90199457189e-05 and shrink value is 0.99.
2017-06-01 04:03:38,829 [steps/libs/nnet3/train/frame_level_objf/common.py:161 - train_one_iteration - INFO ] Training neural net (pass 174)
2017-06-01 04:03:38,833 [steps/libs/nnet3/train/frame_level_objf/common.py:227 - train_one_iteration - INFO ] On iteration 174, learning rate is 5.84678565944e-05 and shrink value is 0.99.
2017-06-01 04:07:58,552 [steps/libs/nnet3/train/frame_level_objf/common.py:161 - train_one_iteration - INFO ] Training neural net (pass 175)
2017-06-01 04:07:58,556 [steps/libs/nnet3/train/frame_level_objf/common.py:227 - train_one_iteration - INFO ] On iteration 175, learning rate is 5.79209318665e-05 and shrink value is 0.99.
2017-06-01 04:12:13,683 [steps/libs/nnet3/train/frame_level_objf/common.py:161 - train_one_iteration - INFO ] Training neural net (pass 176)
2017-06-01 04:12:13,688 [steps/libs/nnet3/train/frame_level_objf/common.py:227 - train_one_iteration - INFO ] On iteration 176, learning rate is 5.73791232258e-05 and shrink value is 0.99.
2017-06-01 04:16:27,874 [steps/libs/nnet3/train/frame_level_objf/common.py:161 - train_one_iteration - INFO ] Training neural net (pass 177)
2017-06-01 04:16:27,879 [steps/libs/nnet3/train/frame_level_objf/common.py:227 - train_one_iteration - INFO ] On iteration 177, learning rate is 5.68423828152e-05 and shrink value is 0.99.
2017-06-01 04:20:42,412 [steps/libs/nnet3/train/frame_level_objf/common.py:161 - train_one_iteration - INFO ] Training neural net (pass 178)
2017-06-01 04:20:42,417 [steps/libs/nnet3/train/frame_level_objf/common.py:227 - train_one_iteration - INFO ] On iteration 178, learning rate is 5.63106632248e-05 and shrink value is 0.99.
2017-06-01 04:24:59,925 [steps/libs/nnet3/train/frame_level_objf/common.py:161 - train_one_iteration - INFO ] Training neural net (pass 179)
2017-06-01 04:24:59,929 [steps/libs/nnet3/train/frame_level_objf/common.py:227 - train_one_iteration - INFO ] On iteration 179, learning rate is 5.57839174886e-05 and shrink value is 0.99.
2017-06-01 04:29:19,438 [steps/libs/nnet3/train/frame_level_objf/common.py:161 - train_one_iteration - INFO ] Training neural net (pass 180)
2017-06-01 04:29:19,443 [steps/libs/nnet3/train/frame_level_objf/common.py:227 - train_one_iteration - INFO ] On iteration 180, learning rate is 5.52620990798e-05 and shrink value is 0.99.
2017-06-01 04:34:29,716 [steps/libs/nnet3/train/frame_level_objf/common.py:161 - train_one_iteration - INFO ] Training neural net (pass 181)
2017-06-01 04:34:29,720 [steps/libs/nnet3/train/frame_level_objf/common.py:227 - train_one_iteration - INFO ] On iteration 181, learning rate is 5.47451619067e-05 and shrink value is 0.99.
2017-06-01 04:38:46,347 [steps/libs/nnet3/train/frame_level_objf/common.py:161 - train_one_iteration - INFO ] Training neural net (pass 182)
2017-06-01 04:38:46,351 [steps/libs/nnet3/train/frame_level_objf/common.py:227 - train_one_iteration - INFO ] On iteration 182, learning rate is 5.42330603089e-05 and shrink value is 0.99.
2017-06-01 04:43:01,718 [steps/libs/nnet3/train/frame_level_objf/common.py:161 - train_one_iteration - INFO ] Training neural net (pass 183)
2017-06-01 04:43:01,722 [steps/libs/nnet3/train/frame_level_objf/common.py:227 - train_one_iteration - INFO ] On iteration 183, learning rate is 5.37257490531e-05 and shrink value is 0.99.
2017-06-01 04:47:16,453 [steps/libs/nnet3/train/frame_level_objf/common.py:161 - train_one_iteration - INFO ] Training neural net (pass 184)
2017-06-01 04:47:16,458 [steps/libs/nnet3/train/frame_level_objf/common.py:227 - train_one_iteration - INFO ] On iteration 184, learning rate is 5.3223183329e-05 and shrink value is 0.99.
2017-06-01 04:51:34,349 [steps/libs/nnet3/train/frame_level_objf/common.py:161 - train_one_iteration - INFO ] Training neural net (pass 185)
2017-06-01 04:51:34,355 [steps/libs/nnet3/train/frame_level_objf/common.py:227 - train_one_iteration - INFO ] On iteration 185, learning rate is 5.27253187456e-05 and shrink value is 0.99.
2017-06-01 04:55:50,306 [steps/libs/nnet3/train/frame_level_objf/common.py:161 - train_one_iteration - INFO ] Training neural net (pass 186)
2017-06-01 04:55:50,310 [steps/libs/nnet3/train/frame_level_objf/common.py:227 - train_one_iteration - INFO ] On iteration 186, learning rate is 5.22321113272e-05 and shrink value is 0.99.
2017-06-01 05:00:08,429 [steps/libs/nnet3/train/frame_level_objf/common.py:161 - train_one_iteration - INFO ] Training neural net (pass 187)
2017-06-01 05:00:08,433 [steps/libs/nnet3/train/frame_level_objf/common.py:227 - train_one_iteration - INFO ] On iteration 187, learning rate is 5.17435175093e-05 and shrink value is 0.99.
2017-06-01 05:04:23,836 [steps/libs/nnet3/train/frame_level_objf/common.py:161 - train_one_iteration - INFO ] Training neural net (pass 188)
2017-06-01 05:04:23,841 [steps/libs/nnet3/train/frame_level_objf/common.py:227 - train_one_iteration - INFO ] On iteration 188, learning rate is 5.1259494135e-05 and shrink value is 0.99.
2017-06-01 05:08:38,759 [steps/libs/nnet3/train/frame_level_objf/common.py:161 - train_one_iteration - INFO ] Training neural net (pass 189)
2017-06-01 05:08:38,764 [steps/libs/nnet3/train/frame_level_objf/common.py:227 - train_one_iteration - INFO ] On iteration 189, learning rate is 5.07799984511e-05 and shrink value is 0.99.
2017-06-01 05:12:55,764 [steps/libs/nnet3/train/frame_level_objf/common.py:161 - train_one_iteration - INFO ] Training neural net (pass 190)
2017-06-01 05:12:55,768 [steps/libs/nnet3/train/frame_level_objf/common.py:227 - train_one_iteration - INFO ] On iteration 190, learning rate is 5.03049881043e-05 and shrink value is 0.99.
2017-06-01 05:17:05,179 [steps/libs/nnet3/train/frame_level_objf/common.py:161 - train_one_iteration - INFO ] Training neural net (pass 191)
2017-06-01 05:17:05,183 [steps/libs/nnet3/train/frame_level_objf/common.py:227 - train_one_iteration - INFO ] On iteration 191, learning rate is 4.98344211375e-05 and shrink value is 0.99.
2017-06-01 05:21:21,168 [steps/libs/nnet3/train/frame_level_objf/common.py:161 - train_one_iteration - INFO ] Training neural net (pass 192)
2017-06-01 05:21:21,173 [steps/libs/nnet3/train/frame_level_objf/common.py:227 - train_one_iteration - INFO ] On iteration 192, learning rate is 4.93682559861e-05 and shrink value is 0.99.
2017-06-01 05:25:37,738 [steps/libs/nnet3/train/frame_level_objf/common.py:161 - train_one_iteration - INFO ] Training neural net (pass 193)
2017-06-01 05:25:37,742 [steps/libs/nnet3/train/frame_level_objf/common.py:227 - train_one_iteration - INFO ] On iteration 193, learning rate is 4.89064514742e-05 and shrink value is 0.99.
2017-06-01 05:29:52,780 [steps/libs/nnet3/train/frame_level_objf/common.py:161 - train_one_iteration - INFO ] Training neural net (pass 194)
2017-06-01 05:29:52,784 [steps/libs/nnet3/train/frame_level_objf/common.py:227 - train_one_iteration - INFO ] On iteration 194, learning rate is 4.84489668113e-05 and shrink value is 0.99.
2017-06-01 05:34:09,036 [steps/libs/nnet3/train/frame_level_objf/common.py:161 - train_one_iteration - INFO ] Training neural net (pass 195)
2017-06-01 05:34:09,041 [steps/libs/nnet3/train/frame_level_objf/common.py:227 - train_one_iteration - INFO ] On iteration 195, learning rate is 4.79957615882e-05 and shrink value is 0.99.
2017-06-01 05:38:24,427 [steps/libs/nnet3/train/frame_level_objf/common.py:161 - train_one_iteration - INFO ] Training neural net (pass 196)
2017-06-01 05:38:24,436 [steps/libs/nnet3/train/frame_level_objf/common.py:227 - train_one_iteration - INFO ] On iteration 196, learning rate is 4.75467957738e-05 and shrink value is 0.99.
2017-06-01 05:42:40,584 [steps/libs/nnet3/train/frame_level_objf/common.py:161 - train_one_iteration - INFO ] Training neural net (pass 197)
2017-06-01 05:42:40,588 [steps/libs/nnet3/train/frame_level_objf/common.py:227 - train_one_iteration - INFO ] On iteration 197, learning rate is 4.71020297116e-05 and shrink value is 0.99.
2017-06-01 05:46:59,164 [steps/libs/nnet3/train/frame_level_objf/common.py:161 - train_one_iteration - INFO ] Training neural net (pass 198)
2017-06-01 05:46:59,169 [steps/libs/nnet3/train/frame_level_objf/common.py:227 - train_one_iteration - INFO ] On iteration 198, learning rate is 4.66614241159e-05 and shrink value is 0.99.
2017-06-01 05:51:14,124 [steps/libs/nnet3/train/frame_level_objf/common.py:161 - train_one_iteration - INFO ] Training neural net (pass 199)
2017-06-01 05:51:14,129 [steps/libs/nnet3/train/frame_level_objf/common.py:227 - train_one_iteration - INFO ] On iteration 199, learning rate is 4.62249400685e-05 and shrink value is 0.99.
2017-06-01 05:55:33,438 [steps/libs/nnet3/train/frame_level_objf/common.py:161 - train_one_iteration - INFO ] Training neural net (pass 200)
2017-06-01 05:55:33,442 [steps/libs/nnet3/train/frame_level_objf/common.py:227 - train_one_iteration - INFO ] On iteration 200, learning rate is 4.57925390153e-05 and shrink value is 0.99.
2017-06-01 06:00:49,074 [steps/libs/nnet3/train/frame_level_objf/common.py:161 - train_one_iteration - INFO ] Training neural net (pass 201)
2017-06-01 06:00:49,078 [steps/libs/nnet3/train/frame_level_objf/common.py:227 - train_one_iteration - INFO ] On iteration 201, learning rate is 4.53641827628e-05 and shrink value is 0.99.
2017-06-01 06:05:04,814 [steps/libs/nnet3/train/frame_level_objf/common.py:161 - train_one_iteration - INFO ] Training neural net (pass 202)
2017-06-01 06:05:04,818 [steps/libs/nnet3/train/frame_level_objf/common.py:227 - train_one_iteration - INFO ] On iteration 202, learning rate is 4.49398334748e-05 and shrink value is 0.99.
2017-06-01 06:09:19,653 [steps/libs/nnet3/train/frame_level_objf/common.py:161 - train_one_iteration - INFO ] Training neural net (pass 203)
2017-06-01 06:09:19,657 [steps/libs/nnet3/train/frame_level_objf/common.py:227 - train_one_iteration - INFO ] On iteration 203, learning rate is 4.4519453669e-05 and shrink value is 0.99.
2017-06-01 06:13:33,675 [steps/libs/nnet3/train/frame_level_objf/common.py:161 - train_one_iteration - INFO ] Training neural net (pass 204)
2017-06-01 06:13:33,679 [steps/libs/nnet3/train/frame_level_objf/common.py:227 - train_one_iteration - INFO ] On iteration 204, learning rate is 4.41030062139e-05 and shrink value is 0.99.
2017-06-01 06:17:47,497 [steps/libs/nnet3/train/frame_level_objf/common.py:161 - train_one_iteration - INFO ] Training neural net (pass 205)
2017-06-01 06:17:47,501 [steps/libs/nnet3/train/frame_level_objf/common.py:227 - train_one_iteration - INFO ] On iteration 205, learning rate is 4.3690454325e-05 and shrink value is 0.99.
2017-06-01 06:22:07,268 [steps/libs/nnet3/train/frame_level_objf/common.py:161 - train_one_iteration - INFO ] Training neural net (pass 206)
2017-06-01 06:22:07,273 [steps/libs/nnet3/train/frame_level_objf/common.py:227 - train_one_iteration - INFO ] On iteration 206, learning rate is 4.32817615623e-05 and shrink value is 0.99.
2017-06-01 06:26:21,717 [steps/libs/nnet3/train/frame_level_objf/common.py:161 - train_one_iteration - INFO ] Training neural net (pass 207)
2017-06-01 06:26:21,721 [steps/libs/nnet3/train/frame_level_objf/common.py:227 - train_one_iteration - INFO ] On iteration 207, learning rate is 4.28768918262e-05 and shrink value is 0.99.
2017-06-01 06:30:38,766 [steps/libs/nnet3/train/frame_level_objf/common.py:161 - train_one_iteration - INFO ] Training neural net (pass 208)
2017-06-01 06:30:38,771 [steps/libs/nnet3/train/frame_level_objf/common.py:227 - train_one_iteration - INFO ] On iteration 208, learning rate is 4.24758093552e-05 and shrink value is 0.99.
2017-06-01 06:34:55,416 [steps/libs/nnet3/train/frame_level_objf/common.py:161 - train_one_iteration - INFO ] Training neural net (pass 209)
2017-06-01 06:34:55,421 [steps/libs/nnet3/train/frame_level_objf/common.py:227 - train_one_iteration - INFO ] On iteration 209, learning rate is 4.20784787221e-05 and shrink value is 0.99.
2017-06-01 06:39:13,862 [steps/libs/nnet3/train/frame_level_objf/common.py:161 - train_one_iteration - INFO ] Training neural net (pass 210)
2017-06-01 06:39:13,866 [steps/libs/nnet3/train/frame_level_objf/common.py:227 - train_one_iteration - INFO ] On iteration 210, learning rate is 4.16848648312e-05 and shrink value is 0.99.
2017-06-01 06:43:32,061 [steps/libs/nnet3/train/frame_level_objf/common.py:161 - train_one_iteration - INFO ] Training neural net (pass 211)
2017-06-01 06:43:32,065 [steps/libs/nnet3/train/frame_level_objf/common.py:227 - train_one_iteration - INFO ] On iteration 211, learning rate is 4.1294932915e-05 and shrink value is 0.99.
2017-06-01 06:47:46,068 [steps/libs/nnet3/train/frame_level_objf/common.py:161 - train_one_iteration - INFO ] Training neural net (pass 212)
2017-06-01 06:47:46,072 [steps/libs/nnet3/train/frame_level_objf/common.py:227 - train_one_iteration - INFO ] On iteration 212, learning rate is 4.09086485313e-05 and shrink value is 0.99.
2017-06-01 06:51:59,382 [steps/libs/nnet3/train/frame_level_objf/common.py:161 - train_one_iteration - INFO ] Training neural net (pass 213)
2017-06-01 06:51:59,386 [steps/libs/nnet3/train/frame_level_objf/common.py:227 - train_one_iteration - INFO ] On iteration 213, learning rate is 4.05259775601e-05 and shrink value is 0.99.
2017-06-01 06:56:11,746 [steps/libs/nnet3/train/frame_level_objf/common.py:161 - train_one_iteration - INFO ] Training neural net (pass 214)
2017-06-01 06:56:11,749 [steps/libs/nnet3/train/frame_level_objf/common.py:227 - train_one_iteration - INFO ] On iteration 214, learning rate is 4.01468862005e-05 and shrink value is 0.99.
2017-06-01 07:00:24,855 [steps/libs/nnet3/train/frame_level_objf/common.py:161 - train_one_iteration - INFO ] Training neural net (pass 215)
2017-06-01 07:00:24,859 [steps/libs/nnet3/train/frame_level_objf/common.py:227 - train_one_iteration - INFO ] On iteration 215, learning rate is 3.97713409677e-05 and shrink value is 0.99.
2017-06-01 07:04:37,967 [steps/libs/nnet3/train/frame_level_objf/common.py:161 - train_one_iteration - INFO ] Training neural net (pass 216)
2017-06-01 07:04:37,972 [steps/libs/nnet3/train/frame_level_objf/common.py:227 - train_one_iteration - INFO ] On iteration 216, learning rate is 3.93993086904e-05 and shrink value is 0.99.
2017-06-01 07:08:55,472 [steps/libs/nnet3/train/frame_level_objf/common.py:161 - train_one_iteration - INFO ] Training neural net (pass 217)
2017-06-01 07:08:55,477 [steps/libs/nnet3/train/frame_level_objf/common.py:227 - train_one_iteration - INFO ] On iteration 217, learning rate is 3.90307565073e-05 and shrink value is 0.99.
2017-06-01 07:13:09,342 [steps/libs/nnet3/train/frame_level_objf/common.py:161 - train_one_iteration - INFO ] Training neural net (pass 218)
2017-06-01 07:13:09,347 [steps/libs/nnet3/train/frame_level_objf/common.py:227 - train_one_iteration - INFO ] On iteration 218, learning rate is 3.86656518647e-05 and shrink value is 0.99.
2017-06-01 07:17:25,720 [steps/libs/nnet3/train/frame_level_objf/common.py:161 - train_one_iteration - INFO ] Training neural net (pass 219)
2017-06-01 07:17:25,724 [steps/libs/nnet3/train/frame_level_objf/common.py:227 - train_one_iteration - INFO ] On iteration 219, learning rate is 3.83039625134e-05 and shrink value is 0.99.
2017-06-01 07:21:41,404 [steps/libs/nnet3/train/frame_level_objf/common.py:161 - train_one_iteration - INFO ] Training neural net (pass 220)
2017-06-01 07:21:41,408 [steps/libs/nnet3/train/frame_level_objf/common.py:227 - train_one_iteration - INFO ] On iteration 220, learning rate is 3.79456565057e-05 and shrink value is 0.99.
2017-06-01 07:26:51,172 [steps/libs/nnet3/train/frame_level_objf/common.py:161 - train_one_iteration - INFO ] Training neural net (pass 221)
2017-06-01 07:26:51,177 [steps/libs/nnet3/train/frame_level_objf/common.py:227 - train_one_iteration - INFO ] On iteration 221, learning rate is 3.75907021928e-05 and shrink value is 0.99.
2017-06-01 07:31:03,730 [steps/libs/nnet3/train/frame_level_objf/common.py:161 - train_one_iteration - INFO ] Training neural net (pass 222)
2017-06-01 07:31:03,735 [steps/libs/nnet3/train/frame_level_objf/common.py:227 - train_one_iteration - INFO ] On iteration 222, learning rate is 3.72390682222e-05 and shrink value is 0.99.
2017-06-01 07:35:17,907 [steps/libs/nnet3/train/frame_level_objf/common.py:161 - train_one_iteration - INFO ] Training neural net (pass 223)
2017-06-01 07:35:17,911 [steps/libs/nnet3/train/frame_level_objf/common.py:227 - train_one_iteration - INFO ] On iteration 223, learning rate is 3.68907235343e-05 and shrink value is 0.99.
2017-06-01 07:39:37,266 [steps/libs/nnet3/train/frame_level_objf/common.py:161 - train_one_iteration - INFO ] Training neural net (pass 224)
2017-06-01 07:39:37,269 [steps/libs/nnet3/train/frame_level_objf/common.py:227 - train_one_iteration - INFO ] On iteration 224, learning rate is 3.65456373603e-05 and shrink value is 0.99.
2017-06-01 07:43:52,404 [steps/libs/nnet3/train/frame_level_objf/common.py:161 - train_one_iteration - INFO ] Training neural net (pass 225)
2017-06-01 07:43:52,409 [steps/libs/nnet3/train/frame_level_objf/common.py:227 - train_one_iteration - INFO ] On iteration 225, learning rate is 3.62037792192e-05 and shrink value is 0.99.
2017-06-01 07:48:07,642 [steps/libs/nnet3/train/frame_level_objf/common.py:161 - train_one_iteration - INFO ] Training neural net (pass 226)
2017-06-01 07:48:07,646 [steps/libs/nnet3/train/frame_level_objf/common.py:227 - train_one_iteration - INFO ] On iteration 226, learning rate is 3.5865118915e-05 and shrink value is 0.99.
2017-06-01 07:52:23,843 [steps/libs/nnet3/train/frame_level_objf/common.py:161 - train_one_iteration - INFO ] Training neural net (pass 227)
2017-06-01 07:52:23,848 [steps/libs/nnet3/train/frame_level_objf/common.py:227 - train_one_iteration - INFO ] On iteration 227, learning rate is 3.55296265342e-05 and shrink value is 0.99.
2017-06-01 07:56:42,653 [steps/libs/nnet3/train/frame_level_objf/common.py:161 - train_one_iteration - INFO ] Training neural net (pass 228)
2017-06-01 07:56:42,658 [steps/libs/nnet3/train/frame_level_objf/common.py:227 - train_one_iteration - INFO ] On iteration 228, learning rate is 3.51972724433e-05 and shrink value is 0.99.
2017-06-01 08:01:00,565 [steps/libs/nnet3/train/frame_level_objf/common.py:161 - train_one_iteration - INFO ] Training neural net (pass 229)
2017-06-01 08:01:00,569 [steps/libs/nnet3/train/frame_level_objf/common.py:227 - train_one_iteration - INFO ] On iteration 229, learning rate is 3.48680272858e-05 and shrink value is 0.99.
2017-06-01 08:05:14,802 [steps/libs/nnet3/train/frame_level_objf/common.py:161 - train_one_iteration - INFO ] Training neural net (pass 230)
2017-06-01 08:05:14,807 [steps/libs/nnet3/train/frame_level_objf/common.py:227 - train_one_iteration - INFO ] On iteration 230, learning rate is 3.45418619798e-05 and shrink value is 0.99.
2017-06-01 08:09:31,958 [steps/libs/nnet3/train/frame_level_objf/common.py:161 - train_one_iteration - INFO ] Training neural net (pass 231)
2017-06-01 08:09:31,963 [steps/libs/nnet3/train/frame_level_objf/common.py:227 - train_one_iteration - INFO ] On iteration 231, learning rate is 3.42187477155e-05 and shrink value is 0.99.
2017-06-01 08:13:48,202 [steps/libs/nnet3/train/frame_level_objf/common.py:161 - train_one_iteration - INFO ] Training neural net (pass 232)
2017-06-01 08:13:48,207 [steps/libs/nnet3/train/frame_level_objf/common.py:227 - train_one_iteration - INFO ] On iteration 232, learning rate is 3.38986559527e-05 and shrink value is 0.99.
2017-06-01 08:18:02,257 [steps/libs/nnet3/train/frame_level_objf/common.py:161 - train_one_iteration - INFO ] Training neural net (pass 233)
2017-06-01 08:18:02,262 [steps/libs/nnet3/train/frame_level_objf/common.py:227 - train_one_iteration - INFO ] On iteration 233, learning rate is 3.3581558418e-05 and shrink value is 0.99.
2017-06-01 08:22:19,550 [steps/libs/nnet3/train/frame_level_objf/common.py:161 - train_one_iteration - INFO ] Training neural net (pass 234)
2017-06-01 08:22:19,555 [steps/libs/nnet3/train/frame_level_objf/common.py:227 - train_one_iteration - INFO ] On iteration 234, learning rate is 3.32674271026e-05 and shrink value is 0.99.
2017-06-01 08:26:34,761 [steps/libs/nnet3/train/frame_level_objf/common.py:161 - train_one_iteration - INFO ] Training neural net (pass 235)
2017-06-01 08:26:34,766 [steps/libs/nnet3/train/frame_level_objf/common.py:227 - train_one_iteration - INFO ] On iteration 235, learning rate is 3.29562342596e-05 and shrink value is 0.99.
2017-06-01 08:30:54,161 [steps/libs/nnet3/train/frame_level_objf/common.py:161 - train_one_iteration - INFO ] Training neural net (pass 236)
2017-06-01 08:30:54,164 [steps/libs/nnet3/train/frame_level_objf/common.py:227 - train_one_iteration - INFO ] On iteration 236, learning rate is 3.26479524018e-05 and shrink value is 0.99.
2017-06-01 08:35:09,359 [steps/libs/nnet3/train/frame_level_objf/common.py:161 - train_one_iteration - INFO ] Training neural net (pass 237)
2017-06-01 08:35:09,364 [steps/libs/nnet3/train/frame_level_objf/common.py:227 - train_one_iteration - INFO ] On iteration 237, learning rate is 3.23425542988e-05 and shrink value is 0.99.
2017-06-01 08:39:26,604 [steps/libs/nnet3/train/frame_level_objf/common.py:161 - train_one_iteration - INFO ] Training neural net (pass 238)
2017-06-01 08:39:26,609 [steps/libs/nnet3/train/frame_level_objf/common.py:227 - train_one_iteration - INFO ] On iteration 238, learning rate is 3.20400129754e-05 and shrink value is 0.99.
2017-06-01 08:43:42,766 [steps/libs/nnet3/train/frame_level_objf/common.py:161 - train_one_iteration - INFO ] Training neural net (pass 239)
2017-06-01 08:43:42,771 [steps/libs/nnet3/train/frame_level_objf/common.py:227 - train_one_iteration - INFO ] On iteration 239, learning rate is 3.17403017084e-05 and shrink value is 0.99.
2017-06-01 08:47:53,389 [steps/libs/nnet3/train/frame_level_objf/common.py:161 - train_one_iteration - INFO ] Training neural net (pass 240)
2017-06-01 08:47:53,394 [steps/libs/nnet3/train/frame_level_objf/common.py:227 - train_one_iteration - INFO ] On iteration 240, learning rate is 3.14433940246e-05 and shrink value is 0.99.
2017-06-01 08:53:07,197 [steps/libs/nnet3/train/frame_level_objf/common.py:161 - train_one_iteration - INFO ] Training neural net (pass 241)
2017-06-01 08:53:07,200 [steps/libs/nnet3/train/frame_level_objf/common.py:227 - train_one_iteration - INFO ] On iteration 241, learning rate is 3.11492636986e-05 and shrink value is 0.99.
2017-06-01 08:57:23,909 [steps/libs/nnet3/train/frame_level_objf/common.py:161 - train_one_iteration - INFO ] Training neural net (pass 242)
2017-06-01 08:57:23,913 [steps/libs/nnet3/train/frame_level_objf/common.py:227 - train_one_iteration - INFO ] On iteration 242, learning rate is 3.08578847501e-05 and shrink value is 0.99.
2017-06-01 09:01:39,036 [steps/libs/nnet3/train/frame_level_objf/common.py:161 - train_one_iteration - INFO ] Training neural net (pass 243)
2017-06-01 09:01:39,040 [steps/libs/nnet3/train/frame_level_objf/common.py:227 - train_one_iteration - INFO ] On iteration 243, learning rate is 3.05692314421e-05 and shrink value is 0.99.
2017-06-01 09:05:53,913 [steps/libs/nnet3/train/frame_level_objf/common.py:161 - train_one_iteration - INFO ] Training neural net (pass 244)
2017-06-01 09:05:53,917 [steps/libs/nnet3/train/frame_level_objf/common.py:227 - train_one_iteration - INFO ] On iteration 244, learning rate is 3e-05 and shrink value is 0.99.
2017-06-01 09:10:09,599 [steps/nnet3/train_rnn.py:436 - train - INFO ] Doing final combination to produce final.mdl
2017-06-01 09:10:10,432 [steps/libs/nnet3/train/frame_level_objf/common.py:409 - combine_models - INFO ] Combining set([221, 222, 223, 224, 225, 226, 227, 228, 229, 230, 231, 232, 233, 234, 235, 236, 237, 238, 239, 240, 241, 242, 243, 244, 245]) models.
run.pl: job failed, log is in /home/rezki/sandbox/kaldi/egs/chime4DevFE1_allChannels3/s5_6ch/exp/chain/tdnn31a_sp_blstm_v3_5layers/log/combine.log
Traceback (most recent call last):
  File "steps/nnet3/train_rnn.py", line 490, in main
    train(args, run_opts)
  File "steps/nnet3/train_rnn.py", line 443, in train
    sum_to_one_penalty=args.combine_sum_to_one_penalty)
  File "steps/libs/nnet3/train/frame_level_objf/common.py", line 459, in combine_models
    egs_dir=egs_dir))
  File "steps/libs/common.py", line 92, in execute_command
    p.returncode, command))
Exception: Command exited with status 1: run.pl --gpu 1 /home/rezki/sandbox/kaldi/egs/chime4DevFE1_allChannels3/s5_6ch/exp/chain/tdnn31a_sp_blstm_v3_5layers/log/combine.log                 nnet3-combine --num-iters=80                 --enforce-sum-to-one=True                 --sum-to-one-penalty=0.0                 --enforce-positive-weights=true                 --verbose=3 "nnet3-am-copy --raw=true /home/rezki/sandbox/kaldi/egs/chime4DevFE1_allChannels3/s5_6ch/exp/chain/tdnn31a_sp_blstm_v3_5layers/245.mdl -|" "nnet3-am-copy --raw=true /home/rezki/sandbox/kaldi/egs/chime4DevFE1_allChannels3/s5_6ch/exp/chain/tdnn31a_sp_blstm_v3_5layers/244.mdl -|" "nnet3-am-copy --raw=true /home/rezki/sandbox/kaldi/egs/chime4DevFE1_allChannels3/s5_6ch/exp/chain/tdnn31a_sp_blstm_v3_5layers/243.mdl -|" "nnet3-am-copy --raw=true /home/rezki/sandbox/kaldi/egs/chime4DevFE1_allChannels3/s5_6ch/exp/chain/tdnn31a_sp_blstm_v3_5layers/242.mdl -|" "nnet3-am-copy --raw=true /home/rezki/sandbox/kaldi/egs/chime4DevFE1_allChannels3/s5_6ch/exp/chain/tdnn31a_sp_blstm_v3_5layers/241.mdl -|" "nnet3-am-copy --raw=true /home/rezki/sandbox/kaldi/egs/chime4DevFE1_allChannels3/s5_6ch/exp/chain/tdnn31a_sp_blstm_v3_5layers/240.mdl -|" "nnet3-am-copy --raw=true /home/rezki/sandbox/kaldi/egs/chime4DevFE1_allChannels3/s5_6ch/exp/chain/tdnn31a_sp_blstm_v3_5layers/239.mdl -|" "nnet3-am-copy --raw=true /home/rezki/sandbox/kaldi/egs/chime4DevFE1_allChannels3/s5_6ch/exp/chain/tdnn31a_sp_blstm_v3_5layers/238.mdl -|" "nnet3-am-copy --raw=true /home/rezki/sandbox/kaldi/egs/chime4DevFE1_allChannels3/s5_6ch/exp/chain/tdnn31a_sp_blstm_v3_5layers/237.mdl -|" "nnet3-am-copy --raw=true /home/rezki/sandbox/kaldi/egs/chime4DevFE1_allChannels3/s5_6ch/exp/chain/tdnn31a_sp_blstm_v3_5layers/236.mdl -|" "nnet3-am-copy --raw=true /home/rezki/sandbox/kaldi/egs/chime4DevFE1_allChannels3/s5_6ch/exp/chain/tdnn31a_sp_blstm_v3_5layers/235.mdl -|" "nnet3-am-copy --raw=true /home/rezki/sandbox/kaldi/egs/chime4DevFE1_allChannels3/s5_6ch/exp/chain/tdnn31a_sp_blstm_v3_5layers/234.mdl -|" "nnet3-am-copy --raw=true /home/rezki/sandbox/kaldi/egs/chime4DevFE1_allChannels3/s5_6ch/exp/chain/tdnn31a_sp_blstm_v3_5layers/233.mdl -|" "nnet3-am-copy --raw=true /home/rezki/sandbox/kaldi/egs/chime4DevFE1_allChannels3/s5_6ch/exp/chain/tdnn31a_sp_blstm_v3_5layers/232.mdl -|" "nnet3-am-copy --raw=true /home/rezki/sandbox/kaldi/egs/chime4DevFE1_allChannels3/s5_6ch/exp/chain/tdnn31a_sp_blstm_v3_5layers/231.mdl -|" "nnet3-am-copy --raw=true /home/rezki/sandbox/kaldi/egs/chime4DevFE1_allChannels3/s5_6ch/exp/chain/tdnn31a_sp_blstm_v3_5layers/230.mdl -|" "nnet3-am-copy --raw=true /home/rezki/sandbox/kaldi/egs/chime4DevFE1_allChannels3/s5_6ch/exp/chain/tdnn31a_sp_blstm_v3_5layers/229.mdl -|" "nnet3-am-copy --raw=true /home/rezki/sandbox/kaldi/egs/chime4DevFE1_allChannels3/s5_6ch/exp/chain/tdnn31a_sp_blstm_v3_5layers/228.mdl -|" "nnet3-am-copy --raw=true /home/rezki/sandbox/kaldi/egs/chime4DevFE1_allChannels3/s5_6ch/exp/chain/tdnn31a_sp_blstm_v3_5layers/227.mdl -|" "nnet3-am-copy --raw=true /home/rezki/sandbox/kaldi/egs/chime4DevFE1_allChannels3/s5_6ch/exp/chain/tdnn31a_sp_blstm_v3_5layers/226.mdl -|" "nnet3-am-copy --raw=true /home/rezki/sandbox/kaldi/egs/chime4DevFE1_allChannels3/s5_6ch/exp/chain/tdnn31a_sp_blstm_v3_5layers/225.mdl -|" "nnet3-am-copy --raw=true /home/rezki/sandbox/kaldi/egs/chime4DevFE1_allChannels3/s5_6ch/exp/chain/tdnn31a_sp_blstm_v3_5layers/224.mdl -|" "nnet3-am-copy --raw=true /home/rezki/sandbox/kaldi/egs/chime4DevFE1_allChannels3/s5_6ch/exp/chain/tdnn31a_sp_blstm_v3_5layers/223.mdl -|" "nnet3-am-copy --raw=true /home/rezki/sandbox/kaldi/egs/chime4DevFE1_allChannels3/s5_6ch/exp/chain/tdnn31a_sp_blstm_v3_5layers/222.mdl -|" "nnet3-am-copy --raw=true /home/rezki/sandbox/kaldi/egs/chime4DevFE1_allChannels3/s5_6ch/exp/chain/tdnn31a_sp_blstm_v3_5layers/221.mdl -|"                 "ark,bg:nnet3-copy-egs                     ark:/home/rezki/sandbox/kaldi/egs/chime4DevFE1_allChannels3/s5_6ch/exp/chain/tdnn31a_sp_blstm_v3_5layers/egs/combine.egs ark:- |                       nnet3-merge-egs --minibatch-size=64,32 ark:- ark:- |"                 "| nnet3-am-copy --set-raw-nnet=- /home/rezki/sandbox/kaldi/egs/chime4DevFE1_allChannels3/s5_6ch/exp/chain/tdnn31a_sp_blstm_v3_5layers/245.mdl /home/rezki/sandbox/kaldi/egs/chime4DevFE1_allChannels3/s5_6ch/exp/chain/tdnn31a_sp_blstm_v3_5layers/combined.mdl"
        
steps/nnet3/train_rnn.py --stage=-10 --cmd=run.pl --feat.online-ivector-dir=/home/rezki/sandbox/kaldi/egs/chime4DevFE1_allChannels3/s5_6ch/exp/nnet3/ivectors_tr05_multi_noisy_fmllr --feat.cmvn-opts=--norm-means=false --norm-vars=false --trainer.srand=0 --trainer.max-param-change=2.0 --trainer.num-epochs=5 --trainer.deriv-truncate-margin=10 --trainer.samples-per-iter=20000 --trainer.optimization.num-jobs-initial=1 --trainer.optimization.num-jobs-final=1 --trainer.optimization.initial-effective-lrate=0.0003 --trainer.optimization.final-effective-lrate=0.00003 --trainer.optimization.shrink-value 0.99 --trainer.rnn.num-chunk-per-minibatch=64,32 --trainer.optimization.momentum=0.5 --egs.chunk-width=40,30,20 --egs.chunk-left-context=40 --egs.chunk-right-context=0 --egs.chunk-left-context-initial=0 --egs.chunk-right-context-final=0 --egs.dir= --cleanup.remove-egs=true --use-gpu=true --feat-dir=/home/rezki/sandbox/kaldi/egs/chime4DevFE1_allChannels3/s5_6ch/data-fmllr-tri3b/tr05_multi_noisy --ali-dir=/home/rezki/sandbox/kaldi/egs/chime4DevFE1_allChannels3/s5_6ch/exp/tri3b_tr05_multi_noisy_ali --lang= --reporting.email= --dir=/home/rezki/sandbox/kaldi/egs/chime4DevFE1_allChannels3/s5_6ch/exp/chain/tdnn31a_sp_blstm_v3_5layers
['steps/nnet3/train_rnn.py', '--stage=-10', '--cmd=run.pl', '--feat.online-ivector-dir=/home/rezki/sandbox/kaldi/egs/chime4DevFE1_allChannels3/s5_6ch/exp/nnet3/ivectors_tr05_multi_noisy_fmllr', '--feat.cmvn-opts=--norm-means=false --norm-vars=false', '--trainer.srand=0', '--trainer.max-param-change=2.0', '--trainer.num-epochs=5', '--trainer.deriv-truncate-margin=10', '--trainer.samples-per-iter=20000', '--trainer.optimization.num-jobs-initial=1', '--trainer.optimization.num-jobs-final=1', '--trainer.optimization.initial-effective-lrate=0.0003', '--trainer.optimization.final-effective-lrate=0.00003', '--trainer.optimization.shrink-value', '0.99', '--trainer.rnn.num-chunk-per-minibatch=64,32', '--trainer.optimization.momentum=0.5', '--egs.chunk-width=40,30,20', '--egs.chunk-left-context=40', '--egs.chunk-right-context=0', '--egs.chunk-left-context-initial=0', '--egs.chunk-right-context-final=0', '--egs.dir=', '--cleanup.remove-egs=true', '--use-gpu=true', '--feat-dir=/home/rezki/sandbox/kaldi/egs/chime4DevFE1_allChannels3/s5_6ch/data-fmllr-tri3b/tr05_multi_noisy', '--ali-dir=/home/rezki/sandbox/kaldi/egs/chime4DevFE1_allChannels3/s5_6ch/exp/tri3b_tr05_multi_noisy_ali', '--lang=', '--reporting.email=', '--dir=/home/rezki/sandbox/kaldi/egs/chime4DevFE1_allChannels3/s5_6ch/exp/chain/tdnn31a_sp_blstm_v3_5layers']
