local/nnet3/run_tdnn_blstm2.sh 
steps/nnet3/chain/build_tree.sh --frame-subsampling-factor 3 --leftmost-questions-truncate -1 --context-opts --context-width=2 --central-position=1 --cmd run.pl 7000 /home/rezki/sandbox/kaldi/egs/chime4DevFE1_allChannels3/s5_6ch/data-fmllr-tri3b/tr05_multi_noisy /home/rezki/sandbox/kaldi/egs/chime4DevFE1_allChannels3/s5_6ch/data/lang_chain_2y /home/rezki/sandbox/kaldi/egs/chime4DevFE1_allChannels3/s5_6ch/exp/tri3b_tr05_multi_noisy_ali /home/rezki/sandbox/kaldi/egs/chime4DevFE1_allChannels3/s5_6ch/exp/chain/tri5_7d_tree_sp
steps/nnet3/chain/build_tree.sh: feature type is lda
steps/nnet3/chain/build_tree.sh: Using transforms from /home/rezki/sandbox/kaldi/egs/chime4DevFE1_allChannels3/s5_6ch/exp/tri3b_tr05_multi_noisy_ali
steps/nnet3/chain/build_tree.sh: Initializing monophone model (for alignment conversion, in case topology changed)
steps/nnet3/chain/build_tree.sh: Accumulating tree stats
steps/nnet3/chain/build_tree.sh: Getting questions for tree clustering.
steps/nnet3/chain/build_tree.sh: Building the tree
steps/nnet3/chain/build_tree.sh: Initializing the model
steps/nnet3/chain/build_tree.sh: Converting alignments from /home/rezki/sandbox/kaldi/egs/chime4DevFE1_allChannels3/s5_6ch/exp/tri3b_tr05_multi_noisy_ali to use current tree
steps/nnet3/chain/build_tree.sh: Done building tree
local/nnet3/run_tdnn_blstm2.sh: creating neural net configs using the xconfig parser
tree-info /home/rezki/sandbox/kaldi/egs/chime4DevFE1_allChannels3/s5_6ch/exp/chain/tri5_7d_tree_sp/tree 
nnet3-init /home/rezki/sandbox/kaldi/egs/chime4DevFE1_allChannels3/s5_6ch/exp/chain/tdnn_blstm_1a_3layers_sp/configs//init.config /home/rezki/sandbox/kaldi/egs/chime4DevFE1_allChannels3/s5_6ch/exp/chain/tdnn_blstm_1a_3layers_sp/configs//init.raw 
LOG (nnet3-init[5.1.0-]:main():nnet3-init.cc:80) Initialized raw neural net and wrote it to /home/rezki/sandbox/kaldi/egs/chime4DevFE1_allChannels3/s5_6ch/exp/chain/tdnn_blstm_1a_3layers_sp/configs//init.raw
nnet3-info /home/rezki/sandbox/kaldi/egs/chime4DevFE1_allChannels3/s5_6ch/exp/chain/tdnn_blstm_1a_3layers_sp/configs//init.raw 
nnet3-init /home/rezki/sandbox/kaldi/egs/chime4DevFE1_allChannels3/s5_6ch/exp/chain/tdnn_blstm_1a_3layers_sp/configs//ref.config /home/rezki/sandbox/kaldi/egs/chime4DevFE1_allChannels3/s5_6ch/exp/chain/tdnn_blstm_1a_3layers_sp/configs//ref.raw 
LOG (nnet3-init[5.1.0-]:main():nnet3-init.cc:80) Initialized raw neural net and wrote it to /home/rezki/sandbox/kaldi/egs/chime4DevFE1_allChannels3/s5_6ch/exp/chain/tdnn_blstm_1a_3layers_sp/configs//ref.raw
nnet3-info /home/rezki/sandbox/kaldi/egs/chime4DevFE1_allChannels3/s5_6ch/exp/chain/tdnn_blstm_1a_3layers_sp/configs//ref.raw 
nnet3-init /home/rezki/sandbox/kaldi/egs/chime4DevFE1_allChannels3/s5_6ch/exp/chain/tdnn_blstm_1a_3layers_sp/configs//ref.config /home/rezki/sandbox/kaldi/egs/chime4DevFE1_allChannels3/s5_6ch/exp/chain/tdnn_blstm_1a_3layers_sp/configs//ref.raw 
LOG (nnet3-init[5.1.0-]:main():nnet3-init.cc:80) Initialized raw neural net and wrote it to /home/rezki/sandbox/kaldi/egs/chime4DevFE1_allChannels3/s5_6ch/exp/chain/tdnn_blstm_1a_3layers_sp/configs//ref.raw
nnet3-info /home/rezki/sandbox/kaldi/egs/chime4DevFE1_allChannels3/s5_6ch/exp/chain/tdnn_blstm_1a_3layers_sp/configs//ref.raw 
steps/nnet3/xconfig_to_configs.py --xconfig-file /home/rezki/sandbox/kaldi/egs/chime4DevFE1_allChannels3/s5_6ch/exp/chain/tdnn_blstm_1a_3layers_sp/configs/network.xconfig --config-dir /home/rezki/sandbox/kaldi/egs/chime4DevFE1_allChannels3/s5_6ch/exp/chain/tdnn_blstm_1a_3layers_sp/configs/
2017-06-01 22:48:45,166 [steps/nnet3/chain/train.py:33 - <module> - INFO ] Starting chain model trainer (train.py)
2017-06-01 22:48:45,174 [steps/nnet3/chain/train.py:258 - train - INFO ] Arguments for the experiment
{'alignment_subsampling_factor': 3,
 'apply_deriv_weights': False,
 'chunk_left_context': 40,
 'chunk_left_context_initial': -1,
 'chunk_right_context': 40,
 'chunk_right_context_final': -1,
 'chunk_width': '150',
 'cleanup': True,
 'cmvn_opts': '--norm-means=false --norm-vars=false',
 'combine_sum_to_one_penalty': 0.0,
 'command': 'run.pl',
 'deriv_truncate_margin': 8,
 'dir': '/home/rezki/sandbox/kaldi/egs/chime4DevFE1_allChannels3/s5_6ch/exp/chain/tdnn_blstm_1a_3layers_sp',
 'dropout_schedule': None,
 'egs_command': 'queue.pl',
 'egs_dir': None,
 'egs_opts': '--frames-overlap-per-eg 0',
 'egs_stage': -10,
 'email': None,
 'exit_stage': None,
 'feat_dir': '/home/rezki/sandbox/kaldi/egs/chime4DevFE1_allChannels3/s5_6ch/data-fmllr-tri3b/tr05_multi_noisy',
 'final_effective_lrate': 0.0001,
 'frame_subsampling_factor': 3,
 'frames_per_iter': 1200000,
 'initial_effective_lrate': 0.001,
 'l2_regularize': 5e-05,
 'lat_dir': '/home/rezki/sandbox/kaldi/egs/chime4DevFE1_allChannels3/s5_6ch/exp/tri3b_tr05_multi_noisy_ali',
 'leaky_hmm_coefficient': 0.1,
 'left_deriv_truncate': None,
 'left_tolerance': 5,
 'lm_opts': '--num-extra-lm-states=2000',
 'max_lda_jobs': 10,
 'max_models_combine': 20,
 'max_param_change': 2.0,
 'momentum': 0.0,
 'num_chunk_per_minibatch': '64',
 'num_epochs': 4.0,
 'num_jobs_final': 1,
 'num_jobs_initial': 1,
 'online_ivector_dir': '/home/rezki/sandbox/kaldi/egs/chime4DevFE1_allChannels3/s5_6ch/exp/nnet3/ivectors_tr05_multi_noisy_fmllr',
 'preserve_model_interval': 100,
 'presoftmax_prior_scale_power': -0.25,
 'rand_prune': 4.0,
 'remove_egs': False,
 'reporting_interval': 0.1,
 'right_tolerance': 5,
 'samples_per_iter': 400000,
 'shrink_saturation_threshold': 0.4,
 'shrink_value': 0.99,
 'shuffle_buffer_size': 5000,
 'srand': 0,
 'stage': -10,
 'transform_dir': '/home/rezki/sandbox/kaldi/egs/chime4DevFE1_allChannels3/s5_6ch/exp/tri3b_tr05_multi_noisy_ali',
 'tree_dir': '/home/rezki/sandbox/kaldi/egs/chime4DevFE1_allChannels3/s5_6ch/exp/chain/tri5_7d_tree_sp',
 'use_gpu': True,
 'xent_regularize': 0.025}
Traceback (most recent call last):
  File "steps/nnet3/chain/train.py", line 539, in main
    train(args, run_opts)
  File "steps/nnet3/chain/train.py", line 262, in train
    args.lat_dir)
  File "steps/libs/nnet3/train/chain_objf/acoustic_model.py", line 361, in check_for_required_files
    raise Exception('Expected {0} to exist.'.format(file))
Exception: Expected /home/rezki/sandbox/kaldi/egs/chime4DevFE1_allChannels3/s5_6ch/exp/tri3b_tr05_multi_noisy_ali/lat.1.gz to exist.
steps/nnet3/chain/train.py --stage -10 --cmd run.pl --feat.online-ivector-dir /home/rezki/sandbox/kaldi/egs/chime4DevFE1_allChannels3/s5_6ch/exp/nnet3/ivectors_tr05_multi_noisy_fmllr --feat.cmvn-opts --norm-means=false --norm-vars=false --chain.xent-regularize 0.025 --chain.leaky-hmm-coefficient 0.1 --chain.l2-regularize 0.00005 --chain.apply-deriv-weights false --chain.lm-opts=--num-extra-lm-states=2000 --trainer.num-chunk-per-minibatch 64 --trainer.frames-per-iter 1200000 --trainer.max-param-change 2.0 --trainer.num-epochs 4 --trainer.optimization.shrink-value 0.99 --trainer.optimization.num-jobs-initial 1 --trainer.optimization.num-jobs-final 1 --trainer.optimization.initial-effective-lrate 0.001 --trainer.optimization.final-effective-lrate 0.0001 --trainer.optimization.momentum 0.0 --trainer.deriv-truncate-margin 8 --egs.stage -10 --egs.opts --frames-overlap-per-eg 0 --egs.chunk-width 150 --egs.chunk-left-context 40 --egs.chunk-right-context 40 --egs.dir  --cleanup.remove-egs false --feat-dir /home/rezki/sandbox/kaldi/egs/chime4DevFE1_allChannels3/s5_6ch/data-fmllr-tri3b/tr05_multi_noisy --tree-dir /home/rezki/sandbox/kaldi/egs/chime4DevFE1_allChannels3/s5_6ch/exp/chain/tri5_7d_tree_sp --lat-dir /home/rezki/sandbox/kaldi/egs/chime4DevFE1_allChannels3/s5_6ch/exp/tri3b_tr05_multi_noisy_ali --dir /home/rezki/sandbox/kaldi/egs/chime4DevFE1_allChannels3/s5_6ch/exp/chain/tdnn_blstm_1a_3layers_sp
['steps/nnet3/chain/train.py', '--stage', '-10', '--cmd', 'run.pl', '--feat.online-ivector-dir', '/home/rezki/sandbox/kaldi/egs/chime4DevFE1_allChannels3/s5_6ch/exp/nnet3/ivectors_tr05_multi_noisy_fmllr', '--feat.cmvn-opts', '--norm-means=false --norm-vars=false', '--chain.xent-regularize', '0.025', '--chain.leaky-hmm-coefficient', '0.1', '--chain.l2-regularize', '0.00005', '--chain.apply-deriv-weights', 'false', '--chain.lm-opts=--num-extra-lm-states=2000', '--trainer.num-chunk-per-minibatch', '64', '--trainer.frames-per-iter', '1200000', '--trainer.max-param-change', '2.0', '--trainer.num-epochs', '4', '--trainer.optimization.shrink-value', '0.99', '--trainer.optimization.num-jobs-initial', '1', '--trainer.optimization.num-jobs-final', '1', '--trainer.optimization.initial-effective-lrate', '0.001', '--trainer.optimization.final-effective-lrate', '0.0001', '--trainer.optimization.momentum', '0.0', '--trainer.deriv-truncate-margin', '8', '--egs.stage', '-10', '--egs.opts', '--frames-overlap-per-eg 0', '--egs.chunk-width', '150', '--egs.chunk-left-context', '40', '--egs.chunk-right-context', '40', '--egs.dir', '', '--cleanup.remove-egs', 'false', '--feat-dir', '/home/rezki/sandbox/kaldi/egs/chime4DevFE1_allChannels3/s5_6ch/data-fmllr-tri3b/tr05_multi_noisy', '--tree-dir', '/home/rezki/sandbox/kaldi/egs/chime4DevFE1_allChannels3/s5_6ch/exp/chain/tri5_7d_tree_sp', '--lat-dir', '/home/rezki/sandbox/kaldi/egs/chime4DevFE1_allChannels3/s5_6ch/exp/tri3b_tr05_multi_noisy_ali', '--dir', '/home/rezki/sandbox/kaldi/egs/chime4DevFE1_allChannels3/s5_6ch/exp/chain/tdnn_blstm_1a_3layers_sp']
